This is pdfTeX, Version 3.1415926-2.5-1.40.14 (TeX Live 2013/Debian) (format=pdflatex 2014.4.23)  15 FEB 2016 23:51
entering extended mode
 restricted \write18 enabled.
 %&-line parsing enabled.
**documento.tex
(./documento.tex
LaTeX2e <2011/06/27>
Babel <3.9h> and hyphenation patterns for 78 languages loaded.
(./lib/preambulo.tex
(/usr/share/texlive/texmf-dist/tex/latex/abntex2/abntex2.cls
Document Class: abntex2 2014/01/26 v1.9.2 abnTeX2
(/usr/share/texlive/texmf-dist/tex/latex/base/ifthen.sty
Package: ifthen 2001/05/26 v1.1c Standard LaTeX ifthen package (DPC)
)
(/usr/share/texlive/texmf-dist/tex/latex/memoir/memoir.cls
Document Class: memoir 2013/05/30 v3.7b configurable book, report, article docu
ment class
\onelineskip=\skip41
\lxvchars=\skip42
\xlvchars=\skip43
\@memcnta=\count79
\c@@memmarkcntra=\count80
(/usr/share/texlive/texmf-dist/tex/generic/oberdiek/ifpdf.sty
Package: ifpdf 2011/01/30 v2.3 Provides the ifpdf switch (HO)
Package ifpdf Info: pdfTeX in PDF mode is detected.
)
(/usr/share/texlive/texmf-dist/tex/latex/ifetex/ifetex.sty
Package: ifetex 2011/12/15 v1.2 ifetex

(/usr/share/texlive/texmf-dist/tex/plain/ifetex/ifetex.tex))
(/usr/share/texlive/texmf-dist/tex/generic/ifxetex/ifxetex.sty
Package: ifxetex 2010/09/12 v0.6 Provides ifxetex conditional
)
(/usr/share/texlive/texmf-dist/tex/generic/oberdiek/ifluatex.sty
Package: ifluatex 2010/03/01 v1.3 Provides the ifluatex switch (HO)
Package ifluatex Info: LuaTeX not detected.
)
\stockheight=\skip44
\stockwidth=\skip45
\trimtop=\skip46
\trimedge=\skip47

(/usr/share/texlive/texmf-dist/tex/latex/etex-pkg/etex.sty
Package: etex 1998/03/26 v2.0 eTeX basic definition package (PEB)
\et@xins=\count81
)
(/usr/share/texlive/texmf-dist/tex/latex/memoir/mem12.clo
File: mem12.clo 2010/10/19 v0.4b memoir class 12pt size option
)
\binding=\skip48
\spinemargin=\skip49
\foremargin=\skip50
\uppermargin=\skip51
\lowermargin=\skip52
\headdrop=\skip53
\normalrulethickness=\skip54
\mem@maxheadheight=\skip55
\mem@maxfootheight=\skip56
\headwidth=\skip57
\c@storedpagenumber=\count82
\memPD=\dimen102
\m@mabparskip=\skip58
\thanksmarkwidth=\skip59
\thanksmarksep=\skip60
\droptitle=\skip61
\c@book=\count83
\c@part=\count84
\c@chapter=\count85
\c@section=\count86
\c@subsection=\count87
\c@subsubsection=\count88
\c@paragraph=\count89
\c@subparagraph=\count90
\beforechapskip=\skip62
\midchapskip=\skip63
\afterchapskip=\skip64
\chapindent=\skip65
\bottomsectionskip=\skip66
\secindent=\skip67
\beforesecskip=\skip68
\aftersecskip=\skip69
\subsecindent=\skip70
\beforesubsecskip=\skip71
\aftersubsecskip=\skip72
\subsubsecindent=\skip73
\beforesubsubsecskip=\skip74
\aftersubsubsecskip=\skip75
\paraindent=\skip76
\beforeparaskip=\skip77
\afterparaskip=\skip78
\subparaindent=\skip79
\beforesubparaskip=\skip80
\aftersubparaskip=\skip81
\pfbreakskip=\skip82
\c@@ppsavesec=\count91
\c@@ppsaveapp=\count92
\ragrparindent=\dimen103
\everylistparindent=\dimen104
\parsepi=\skip83
\topsepi=\skip84
\itemsepi=\skip85
\parsepii=\skip86
\topsepii=\skip87
\topsepiii=\skip88
\itemsepii=\skip89
\itemsepiii=\skip90
\partopsepii=\skip91
\partopsepiii=\skip92
\m@msavetopsep=\skip93
\m@msavepartopsep=\skip94
\@enLab=\toks14
\abstitleskip=\skip95
\absleftindent=\skip96
\abs@leftindent=\dimen105
\absrightindent=\skip97
\absparindent=\skip98
\absparsep=\skip99
\c@vslineno=\count93
\c@poemline=\count94
\c@modulo@vs=\count95
\c@memfvsline=\count96
\vleftskip=\skip100
\vrightskip=\skip101
\stanzaskip=\skip102
\versewidth=\skip103
\vgap=\skip104
\vindent=\skip105
\vleftmargin=\dimen106
\c@verse=\count97
\c@chrsinstr=\count98
\beforepoemtitleskip=\skip106
\afterpoemtitleskip=\skip107
\c@poem=\count99
\beforePoemTitleskip=\skip108
\midPoemTitleskip=\skip109
\afterPoemTitleskip=\skip110
\col@sep=\dimen107
\extrarowheight=\dimen108
\NC@list=\toks15
\extratabsurround=\skip111
\backup@length=\skip112
\TX@col@width=\dimen109
\TX@old@table=\dimen110
\TX@old@col=\dimen111
\TX@target=\dimen112
\TX@delta=\dimen113
\TX@cols=\count100
\TX@ftn=\toks16
\heavyrulewidth=\dimen114
\lightrulewidth=\dimen115
\cmidrulewidth=\dimen116
\belowrulesep=\dimen117
\belowbottomsep=\dimen118
\aboverulesep=\dimen119
\abovetopsep=\dimen120
\cmidrulesep=\dimen121
\cmidrulekern=\dimen122
\defaultaddspace=\dimen123
\@cmidla=\count101
\@cmidlb=\count102
\@aboverulesep=\dimen124
\@belowrulesep=\dimen125
\@thisruleclass=\count103
\@lastruleclass=\count104
\@thisrulewidth=\dimen126
\ctableftskip=\skip113
\ctabrightskip=\skip114
\abovecolumnspenalty=\count105
\@linestogo=\count106
\@cellstogo=\count107
\@cellsincolumn=\count108
\crtok=\toks17
\@mincolumnwidth=\dimen127
\c@newflo@tctr=\count109
\mem@margin@floatbox=\box26
\@contcwidth=\skip115
\@contindw=\skip116
\abovecaptionskip=\skip117
\belowcaptionskip=\skip118
\subfloattopskip=\skip119
\subfloatcapskip=\skip120
\subfloatcaptopadj=\skip121
\subfloatbottomskip=\skip122
\subfloatlabelskip=\skip123
\subfloatcapmargin=\dimen128
\c@@contsubnum=\count110
\m@mscap@capbox=\box27
\m@mscap@fbox=\box28
\sidecapsep=\dimen129
\sidecapwidth=\dimen130
\m@m@tempdima=\dimen131
\m@mscapraise=\dimen132
\sidecapraise=\dimen133
\m@mscapmainwidth=\dimen134
\m@mscaplkern=\dimen135
\beforeepigraphskip=\skip124
\afterepigraphskip=\skip125
\epigraphwidth=\skip126
\epigraphrule=\skip127
LaTeX Info: Redefining \em on input line 7492.
LaTeX Info: Redefining \emph on input line 7500.
\tocentryskip=\skip128
\tocbaseline=\skip129
\cftparskip=\skip130
\cftbeforebookskip=\skip131
\cftbookindent=\dimen136
\cftbooknumwidth=\dimen137
\cftbeforepartskip=\skip132
\cftpartindent=\skip133
\cftpartnumwidth=\skip134
\cftbeforechapterskip=\skip135
\cftchapterindent=\skip136
\cftchapternumwidth=\skip137
\cftbeforesectionskip=\skip138
\cftsectionindent=\skip139
\cftsectionnumwidth=\skip140
\cftbeforesubsectionskip=\skip141
\cftsubsectionindent=\skip142
\cftsubsectionnumwidth=\skip143
\cftbeforesubsubsectionskip=\skip144
\cftsubsubsectionindent=\skip145
\cftsubsubsectionnumwidth=\skip146
\cftbeforeparagraphskip=\skip147
\cftparagraphindent=\skip148
\cftparagraphnumwidth=\skip149
\cftbeforesubparagraphskip=\skip150
\cftsubparagraphindent=\skip151
\cftsubparagraphnumwidth=\skip152
\prechapterprecisshift=\dimen138
\c@maxsecnumdepth=\count111
\bibindent=\dimen139
\bibitemsep=\skip153
\indexcolsep=\skip154
\indexrule=\skip155
\indexmarkstyle=\toks18
\@indexbox=\insert233
\glossarycolsep=\dimen140
\glossaryrule=\dimen141
\sideparvshift=\skip156
\sideins=\insert232
\sidebartopsep=\skip157
\sidebarhsep=\skip158
\sidebarvsep=\skip159
\sidebarwidth=\skip160
\footmarkwidth=\skip161
\footmarksep=\skip162
\footparindent=\skip163
\footinsdim=\skip164
\footinsv@r=\insert231
\@mpfootinsv@r=\insert230
\m@m@k=\count112
\m@m@h=\dimen142
\m@mipn@skip=\skip165
\sidefootins=\insert229
\sidefootadjust=\skip166
\sidefootheight=\skip167
\sidefoothsep=\skip168
\sidefootvsep=\skip169
\sidefootwidth=\skip170
\m@mdownsf=\skip171
\c@sidefootnote=\count113
\sidefootmarkwidth=\skip172
\sidefootmarksep=\skip173
\sidefootparindent=\skip174
\c@pagenote=\count114
\c@pagenoteshadow=\count115
\mem@pn@lastkern=\skip175
\every@verbatim=\toks19
\afterevery@verbatim=\toks20
\verbatim@line=\toks21
\tab@position=\count116
\verbatim@in@stream=\read1
\verbatimindent=\skip176
\verbatim@out=\write3
\bvboxsep=\skip177
\c@memfbvline=\count117
\c@bvlinectr=\count118
\bvnumlength=\skip178
\fb@frw=\dimen143
\fb@frh=\dimen144
\FrameRule=\dimen145
\FrameSep=\dimen146
\c@cp@cntr=\count119
LaTeX Info: Redefining \: on input line 11958.
LaTeX Info: Redefining \! on input line 11960.
\c@ism@mctr=\count120
\c@xsm@mctr=\count121
\c@csm@mctr=\count122
\c@ksm@mctr=\count123
\c@xksm@mctr=\count124
\c@cksm@mctr=\count125
\c@msm@mctr=\count126
\c@xmsm@mctr=\count127
\c@cmsm@mctr=\count128
\c@bsm@mctr=\count129
\c@workm@mctr=\count130
\c@sheetsequence=\count131
\c@lastsheet=\count132
\c@lastpage=\count133
\c@figure=\count134
\c@lofdepth=\count135
\cftbeforefigureskip=\skip179
\cftfigureindent=\skip180
\cftfigurenumwidth=\skip181
\c@table=\count136
\c@lotdepth=\count137
\cftbeforetableskip=\skip182
\cfttableindent=\skip183
\cfttablenumwidth=\skip184
Package abstract [2008/07/23] emulated by memoir.
Package appendix [2008/07/23] emulated by memoir.
Package array [2008/09/09] emulated by memoir.
Package booktabs [2008/07/23] emulated by memoir.
Package ccaption [2008/07/23] emulated by memoir.
Package changepage [2008/07/23] emulated by memoir.
Package chngcntr [2008/07/23] emulated by memoir.
Package chngpage [2008/07/23] emulated by memoir.
Package crop emulated by memoir.
Package dcolumn [2008/07/23] emulated by memoir.
Package delarray [2008/07/23] emulated by memoir.
Package enumerate [2008/07/23] emulated by memoir.
Package epigraph [2008/07/23] emulated by memoir.
Package ifmtarg [2008/07/23] emulated by memoir.
Package index [2008/07/23] emulated by memoir.
Package makeidx [2008/07/23] emulated by memoir.
Package moreverb [2008/07/23] emulated by memoir.
Package mparhack [2008/07/23] emulated by memoir.
Package needspace [2008/07/23] emulated by memoir.
Package newfile [2008/07/23] emulated by memoir.
Package nextpage [2008/07/23] emulated by memoir.
Package pagenote [2008/07/23] emulated by memoir.
Package parskip [2008/07/23] emulated by memoir.
Package patchcmd [2008/07/23] emulated by memoir.
Package setspace [2008/07/23] emulated by memoir.
Package shortvrb [2008/07/23] emulated by memoir.
Package showidx [2008/07/23] emulated by memoir.
Package tabularx [2008/07/23] emulated by memoir.
Package titleref [2008/07/23] emulated by memoir.
Package titling [2008/07/23] emulated by memoir.
Package tocbibind [2008/07/23] emulated by memoir.
Package tocloft [2008/07/23] emulated by memoir.
Package tocvsec2 [2008/07/23] emulated by memoir.
Package verbatim [2008/07/23] emulated by memoir.
Package verse [2008/07/23] emulated by memoir.

(/usr/share/texlive/texmf-dist/tex/latex/memoir/mempatch.sty
Package: mempatch 2009/07/24 v6.0f Patches for memoir class v1.6180339
))
(/usr/share/texlive/texmf-dist/tex/latex/textcase/textcase.sty
Package: textcase 2004/10/07 v0.07 Text only upper/lower case changing (DPC)
LaTeX Info: Redefining \MakeTextUppercase on input line 47.
LaTeX Info: Redefining \MakeTextLowercase on input line 50.
)
(/usr/share/texlive/texmf-dist/tex/latex/hyperref/hyperref.sty
Package: hyperref 2012/11/06 v6.83m Hypertext links for LaTeX

(/usr/share/texlive/texmf-dist/tex/generic/oberdiek/hobsub-hyperref.sty
Package: hobsub-hyperref 2012/05/28 v1.13 Bundle oberdiek, subset hyperref (HO)


(/usr/share/texlive/texmf-dist/tex/generic/oberdiek/hobsub-generic.sty
Package: hobsub-generic 2012/05/28 v1.13 Bundle oberdiek, subset generic (HO)
Package: hobsub 2012/05/28 v1.13 Construct package bundles (HO)
Package: infwarerr 2010/04/08 v1.3 Providing info/warning/error messages (HO)
Package: ltxcmds 2011/11/09 v1.22 LaTeX kernel commands for general use (HO)
Package hobsub Info: Skipping package `ifluatex' (already loaded).
Package: ifvtex 2010/03/01 v1.5 Detect VTeX and its facilities (HO)
Package ifvtex Info: VTeX not detected.
Package: intcalc 2007/09/27 v1.1 Expandable calculations with integers (HO)
Package hobsub Info: Skipping package `ifpdf' (already loaded).
Package: etexcmds 2011/02/16 v1.5 Avoid name clashes with e-TeX commands (HO)
Package etexcmds Info: Could not find \expanded.
(etexcmds)             That can mean that you are not using pdfTeX 1.50 or
(etexcmds)             that some package has redefined \expanded.
(etexcmds)             In the latter case, load this package earlier.
Package: kvsetkeys 2012/04/25 v1.16 Key value parser (HO)
Package: kvdefinekeys 2011/04/07 v1.3 Define keys (HO)
Package: pdftexcmds 2011/11/29 v0.20 Utility functions of pdfTeX for LuaTeX (HO
)
Package pdftexcmds Info: LuaTeX not detected.
Package pdftexcmds Info: \pdf@primitive is available.
Package pdftexcmds Info: \pdf@ifprimitive is available.
Package pdftexcmds Info: \pdfdraftmode found.
Package: pdfescape 2011/11/25 v1.13 Implements pdfTeX's escape features (HO)
Package: bigintcalc 2012/04/08 v1.3 Expandable calculations on big integers (HO
)
Package: bitset 2011/01/30 v1.1 Handle bit-vector datatype (HO)
Package: uniquecounter 2011/01/30 v1.2 Provide unlimited unique counter (HO)
)
Package hobsub Info: Skipping package `hobsub' (already loaded).
Package: letltxmacro 2010/09/02 v1.4 Let assignment for LaTeX macros (HO)
Package: hopatch 2012/05/28 v1.2 Wrapper for package hooks (HO)
Package: xcolor-patch 2011/01/30 xcolor patch
Package: atveryend 2011/06/30 v1.8 Hooks at the very end of document (HO)
Package atveryend Info: \enddocument detected (standard20110627).
Package: atbegshi 2011/10/05 v1.16 At begin shipout hook (HO)
Package: refcount 2011/10/16 v3.4 Data extraction from label references (HO)
Package: hycolor 2011/01/30 v1.7 Color options for hyperref/bookmark (HO)
)
(/usr/share/texlive/texmf-dist/tex/latex/graphics/keyval.sty
Package: keyval 1999/03/16 v1.13 key=value parser (DPC)
\KV@toks@=\toks22
)
(/usr/share/texlive/texmf-dist/tex/latex/oberdiek/auxhook.sty
Package: auxhook 2011/03/04 v1.3 Hooks for auxiliary files (HO)
)
(/usr/share/texlive/texmf-dist/tex/latex/oberdiek/kvoptions.sty
Package: kvoptions 2011/06/30 v3.11 Key value format for package options (HO)
)
\@linkdim=\dimen147
\Hy@linkcounter=\count138
\Hy@pagecounter=\count139

(/usr/share/texlive/texmf-dist/tex/latex/hyperref/pd1enc.def
File: pd1enc.def 2012/11/06 v6.83m Hyperref: PDFDocEncoding definition (HO)
)
\Hy@SavedSpaceFactor=\count140

(/usr/share/texlive/texmf-dist/tex/latex/latexconfig/hyperref.cfg
File: hyperref.cfg 2002/06/06 v1.2 hyperref configuration of TeXLive
)
Package hyperref Info: Hyper figures OFF on input line 4443.
Package hyperref Info: Link nesting OFF on input line 4448.
Package hyperref Info: Hyper index ON on input line 4451.
Package hyperref Info: Plain pages OFF on input line 4458.
Package hyperref Info: Backreferencing OFF on input line 4463.
Package hyperref Info: Implicit mode ON; LaTeX internals redefined.
Package hyperref Info: Bookmarks ON on input line 4688.
\c@Hy@tempcnt=\count141

(/usr/share/texlive/texmf-dist/tex/latex/url/url.sty
\Urlmuskip=\muskip10
Package: url 2013/09/16  ver 3.4  Verb mode for urls, etc.
)
LaTeX Info: Redefining \url on input line 5041.
\XeTeXLinkMargin=\dimen148
\Fld@menulength=\count142
\Field@Width=\dimen149
\Fld@charsize=\dimen150
Package hyperref Info: Hyper figures OFF on input line 6295.
Package hyperref Info: Link nesting OFF on input line 6300.
Package hyperref Info: Hyper index ON on input line 6303.
Package hyperref Info: backreferencing OFF on input line 6310.
Package hyperref Info: Link coloring OFF on input line 6315.
Package hyperref Info: Link coloring with OCG OFF on input line 6320.
Package hyperref Info: PDF/A mode OFF on input line 6325.
LaTeX Info: Redefining \ref on input line 6365.
LaTeX Info: Redefining \pageref on input line 6369.
\Hy@abspage=\count143
\c@Item=\count144
\c@Hfootnote=\count145
)
(/usr/share/texlive/texmf-dist/tex/latex/memoir/memhfixc.sty
Package: memhfixc 2013/05/30 v1.17 nameref/hyperref package fixes for memoir cl
ass
\c@memhycontfloat=\count146
\c@Hpagenote=\count147
)

Package hyperref Message: Driver (autodetected): hpdftex.

(/usr/share/texlive/texmf-dist/tex/latex/hyperref/hpdftex.def
File: hpdftex.def 2012/11/06 v6.83m Hyperref driver for pdfTeX
\Fld@listcount=\count148
\c@bookmark@seq@number=\count149

(/usr/share/texlive/texmf-dist/tex/latex/oberdiek/rerunfilecheck.sty
Package: rerunfilecheck 2011/04/15 v1.7 Rerun checks for auxiliary files (HO)
Package uniquecounter Info: New unique counter `rerunfilecheck' on input line 2
82.
)
\Hy@SectionHShift=\skip185
)
(/usr/share/texlive/texmf-dist/tex/latex/oberdiek/bookmark.sty
Package: bookmark 2011/12/02 v1.24 PDF bookmarks (HO)

(/usr/share/texlive/texmf-dist/tex/latex/oberdiek/bkm-pdftex.def
File: bkm-pdftex.def 2011/12/02 v1.24 bookmark driver for pdfTeX (HO)
\BKM@id=\count150
))
(/usr/share/texlive/texmf-dist/tex/generic/babel/babel.sty
Package: babel 2013/12/03 3.9h The Babel package

(/usr/share/texlive/texmf-dist/tex/generic/babel-english/english.ldf
Language: english 2012/08/20 v3.3p English support from the babel system

(/usr/share/texlive/texmf-dist/tex/generic/babel/babel.def
File: babel.def 2013/12/03 3.9h Babel common definitions
\babel@savecnt=\count151
\U@D=\dimen151
)
\l@canadian = a dialect from \language\l@american 
\l@australian = a dialect from \language\l@british 
\l@newzealand = a dialect from \language\l@british 
)
(/usr/share/texlive/texmf-dist/tex/generic/babel-spanish/spanish.ldf
Language: spanish.ldf 2014/01/29 v5.0m Spanish support from the babel system
\es@datefmt=\count152
\es@quottoks=\toks23
\es@quotdepth=\count153
Package babel Info: Making " an active character on input line 496.
Package babel Info: Making . an active character on input line 599.
Package babel Info: Making < an active character on input line 644.
Package babel Info: Making > an active character on input line 644.
)
(/usr/share/texlive/texmf-dist/tex/generic/babel-portuges/portuges.ldf
Language: portuges 2008/03/18 v1.2q Portuguese support from the babel system
\l@brazil = a dialect from \language\l@portuges 
))
(/usr/share/texlive/texmf-dist/tex/latex/enumitem/enumitem.sty
Package: enumitem 2011/09/28 v3.5.2 Customized lists
\labelindent=\skip186
\enit@outerparindent=\dimen152
\enit@toks=\toks24
\enit@inbox=\box29
\enitdp@description=\count154
)
(/usr/share/texlive/texmf-dist/tex/latex/tools/calc.sty
Package: calc 2007/08/22 v4.3 Infix arithmetic (KKT,FJ)
\calc@Acount=\count155
\calc@Bcount=\count156
\calc@Adimen=\dimen153
\calc@Bdimen=\dimen154
\calc@Askip=\skip187
\calc@Bskip=\skip188
LaTeX Info: Redefining \setlength on input line 76.
LaTeX Info: Redefining \addtolength on input line 77.
\calc@Ccount=\count157
\calc@Cskip=\skip189
)

******************************************************
Stock height and width: 845.04684pt by 597.50787pt
Top and edge trims: 0pt and 0pt
Page height and width: 845.04684pt by 597.50787pt
Text height and width: 708pt by 455pt
Spine and edge margins: 85.35826pt and 56.9055pt
Upper and lower margins: 85.35826pt and 51.68858pt
Headheight and headsep: 14.5pt and 19.8738pt
Footskip: 30pt
Columnsep and columnseprule: 10pt and 0pt
Marginparsep and marginparwidth: 7pt and 42.9055pt
Sidecapsep and sidecapwidth: 7pt and 42pt
Sidebarhsep and sidebarwidth: 7pt and 42pt
Sidebarvsep and sidebartopsep: 14.5pt and 0pt
Sidebarheight: 590.14995pt
Sidefoothsep and sidefootwidth: 7pt and 42pt
Sidefootvsep and sidefootheight: 14.5pt and 590.14995pt
******************************************************

\c@abntex@bookmarkcounter=\count158
\cftlastnumwidth=\skip190
\chapternamenumlength=\skip191
\ABNTEXcitacaorecuo=\skip192
\c@alineasi=\count159
\c@alineasii=\count160
\enitdp@alineas=\count161
\c@subalineasi=\count162
\enitdp@subalineas=\count163
\c@incisosi=\count164
\enitdp@incisos=\count165
\ABNTEXsignwidth=\skip193
\ABNTEXsignthickness=\skip194
\ABNTEXsignskip=\skip195
) (/usr/share/texlive/texmf-dist/tex/latex/base/inputenc.sty
Package: inputenc 2008/03/30 v1.1d Input encoding file
\inpenc@prehook=\toks25
\inpenc@posthook=\toks26

(/usr/share/texlive/texmf-dist/tex/latex/base/utf8.def
File: utf8.def 2008/04/05 v1.1m UTF-8 support for inputenc
Now handling font encoding OML ...
... no UTF-8 mapping file for font encoding OML
Now handling font encoding T1 ...
... processing UTF-8 mapping file for font encoding T1

(/usr/share/texlive/texmf-dist/tex/latex/base/t1enc.dfu
File: t1enc.dfu 2008/04/05 v1.1m UTF-8 support for inputenc
   defining Unicode char U+00A1 (decimal 161)
   defining Unicode char U+00A3 (decimal 163)
   defining Unicode char U+00AB (decimal 171)
   defining Unicode char U+00BB (decimal 187)
   defining Unicode char U+00BF (decimal 191)
   defining Unicode char U+00C0 (decimal 192)
   defining Unicode char U+00C1 (decimal 193)
   defining Unicode char U+00C2 (decimal 194)
   defining Unicode char U+00C3 (decimal 195)
   defining Unicode char U+00C4 (decimal 196)
   defining Unicode char U+00C5 (decimal 197)
   defining Unicode char U+00C6 (decimal 198)
   defining Unicode char U+00C7 (decimal 199)
   defining Unicode char U+00C8 (decimal 200)
   defining Unicode char U+00C9 (decimal 201)
   defining Unicode char U+00CA (decimal 202)
   defining Unicode char U+00CB (decimal 203)
   defining Unicode char U+00CC (decimal 204)
   defining Unicode char U+00CD (decimal 205)
   defining Unicode char U+00CE (decimal 206)
   defining Unicode char U+00CF (decimal 207)
   defining Unicode char U+00D0 (decimal 208)
   defining Unicode char U+00D1 (decimal 209)
   defining Unicode char U+00D2 (decimal 210)
   defining Unicode char U+00D3 (decimal 211)
   defining Unicode char U+00D4 (decimal 212)
   defining Unicode char U+00D5 (decimal 213)
   defining Unicode char U+00D6 (decimal 214)
   defining Unicode char U+00D8 (decimal 216)
   defining Unicode char U+00D9 (decimal 217)
   defining Unicode char U+00DA (decimal 218)
   defining Unicode char U+00DB (decimal 219)
   defining Unicode char U+00DC (decimal 220)
   defining Unicode char U+00DD (decimal 221)
   defining Unicode char U+00DE (decimal 222)
   defining Unicode char U+00DF (decimal 223)
   defining Unicode char U+00E0 (decimal 224)
   defining Unicode char U+00E1 (decimal 225)
   defining Unicode char U+00E2 (decimal 226)
   defining Unicode char U+00E3 (decimal 227)
   defining Unicode char U+00E4 (decimal 228)
   defining Unicode char U+00E5 (decimal 229)
   defining Unicode char U+00E6 (decimal 230)
   defining Unicode char U+00E7 (decimal 231)
   defining Unicode char U+00E8 (decimal 232)
   defining Unicode char U+00E9 (decimal 233)
   defining Unicode char U+00EA (decimal 234)
   defining Unicode char U+00EB (decimal 235)
   defining Unicode char U+00EC (decimal 236)
   defining Unicode char U+00ED (decimal 237)
   defining Unicode char U+00EE (decimal 238)
   defining Unicode char U+00EF (decimal 239)
   defining Unicode char U+00F0 (decimal 240)
   defining Unicode char U+00F1 (decimal 241)
   defining Unicode char U+00F2 (decimal 242)
   defining Unicode char U+00F3 (decimal 243)
   defining Unicode char U+00F4 (decimal 244)
   defining Unicode char U+00F5 (decimal 245)
   defining Unicode char U+00F6 (decimal 246)
   defining Unicode char U+00F8 (decimal 248)
   defining Unicode char U+00F9 (decimal 249)
   defining Unicode char U+00FA (decimal 250)
   defining Unicode char U+00FB (decimal 251)
   defining Unicode char U+00FC (decimal 252)
   defining Unicode char U+00FD (decimal 253)
   defining Unicode char U+00FE (decimal 254)
   defining Unicode char U+00FF (decimal 255)
   defining Unicode char U+0102 (decimal 258)
   defining Unicode char U+0103 (decimal 259)
   defining Unicode char U+0104 (decimal 260)
   defining Unicode char U+0105 (decimal 261)
   defining Unicode char U+0106 (decimal 262)
   defining Unicode char U+0107 (decimal 263)
   defining Unicode char U+010C (decimal 268)
   defining Unicode char U+010D (decimal 269)
   defining Unicode char U+010E (decimal 270)
   defining Unicode char U+010F (decimal 271)
   defining Unicode char U+0110 (decimal 272)
   defining Unicode char U+0111 (decimal 273)
   defining Unicode char U+0118 (decimal 280)
   defining Unicode char U+0119 (decimal 281)
   defining Unicode char U+011A (decimal 282)
   defining Unicode char U+011B (decimal 283)
   defining Unicode char U+011E (decimal 286)
   defining Unicode char U+011F (decimal 287)
   defining Unicode char U+0130 (decimal 304)
   defining Unicode char U+0131 (decimal 305)
   defining Unicode char U+0132 (decimal 306)
   defining Unicode char U+0133 (decimal 307)
   defining Unicode char U+0139 (decimal 313)
   defining Unicode char U+013A (decimal 314)
   defining Unicode char U+013D (decimal 317)
   defining Unicode char U+013E (decimal 318)
   defining Unicode char U+0141 (decimal 321)
   defining Unicode char U+0142 (decimal 322)
   defining Unicode char U+0143 (decimal 323)
   defining Unicode char U+0144 (decimal 324)
   defining Unicode char U+0147 (decimal 327)
   defining Unicode char U+0148 (decimal 328)
   defining Unicode char U+014A (decimal 330)
   defining Unicode char U+014B (decimal 331)
   defining Unicode char U+0150 (decimal 336)
   defining Unicode char U+0151 (decimal 337)
   defining Unicode char U+0152 (decimal 338)
   defining Unicode char U+0153 (decimal 339)
   defining Unicode char U+0154 (decimal 340)
   defining Unicode char U+0155 (decimal 341)
   defining Unicode char U+0158 (decimal 344)
   defining Unicode char U+0159 (decimal 345)
   defining Unicode char U+015A (decimal 346)
   defining Unicode char U+015B (decimal 347)
   defining Unicode char U+015E (decimal 350)
   defining Unicode char U+015F (decimal 351)
   defining Unicode char U+0160 (decimal 352)
   defining Unicode char U+0161 (decimal 353)
   defining Unicode char U+0162 (decimal 354)
   defining Unicode char U+0163 (decimal 355)
   defining Unicode char U+0164 (decimal 356)
   defining Unicode char U+0165 (decimal 357)
   defining Unicode char U+016E (decimal 366)
   defining Unicode char U+016F (decimal 367)
   defining Unicode char U+0170 (decimal 368)
   defining Unicode char U+0171 (decimal 369)
   defining Unicode char U+0178 (decimal 376)
   defining Unicode char U+0179 (decimal 377)
   defining Unicode char U+017A (decimal 378)
   defining Unicode char U+017B (decimal 379)
   defining Unicode char U+017C (decimal 380)
   defining Unicode char U+017D (decimal 381)
   defining Unicode char U+017E (decimal 382)
   defining Unicode char U+200C (decimal 8204)
   defining Unicode char U+2013 (decimal 8211)
   defining Unicode char U+2014 (decimal 8212)
   defining Unicode char U+2018 (decimal 8216)
   defining Unicode char U+2019 (decimal 8217)
   defining Unicode char U+201A (decimal 8218)
   defining Unicode char U+201C (decimal 8220)
   defining Unicode char U+201D (decimal 8221)
   defining Unicode char U+201E (decimal 8222)
   defining Unicode char U+2030 (decimal 8240)
   defining Unicode char U+2031 (decimal 8241)
   defining Unicode char U+2039 (decimal 8249)
   defining Unicode char U+203A (decimal 8250)
   defining Unicode char U+2423 (decimal 9251)
)
Now handling font encoding OT1 ...
... processing UTF-8 mapping file for font encoding OT1

(/usr/share/texlive/texmf-dist/tex/latex/base/ot1enc.dfu
File: ot1enc.dfu 2008/04/05 v1.1m UTF-8 support for inputenc
   defining Unicode char U+00A1 (decimal 161)
   defining Unicode char U+00A3 (decimal 163)
   defining Unicode char U+00B8 (decimal 184)
   defining Unicode char U+00BF (decimal 191)
   defining Unicode char U+00C5 (decimal 197)
   defining Unicode char U+00C6 (decimal 198)
   defining Unicode char U+00D8 (decimal 216)
   defining Unicode char U+00DF (decimal 223)
   defining Unicode char U+00E6 (decimal 230)
   defining Unicode char U+00EC (decimal 236)
   defining Unicode char U+00ED (decimal 237)
   defining Unicode char U+00EE (decimal 238)
   defining Unicode char U+00EF (decimal 239)
   defining Unicode char U+00F8 (decimal 248)
   defining Unicode char U+0131 (decimal 305)
   defining Unicode char U+0141 (decimal 321)
   defining Unicode char U+0142 (decimal 322)
   defining Unicode char U+0152 (decimal 338)
   defining Unicode char U+0153 (decimal 339)
   defining Unicode char U+2013 (decimal 8211)
   defining Unicode char U+2014 (decimal 8212)
   defining Unicode char U+2018 (decimal 8216)
   defining Unicode char U+2019 (decimal 8217)
   defining Unicode char U+201C (decimal 8220)
   defining Unicode char U+201D (decimal 8221)
)
Now handling font encoding OMS ...
... processing UTF-8 mapping file for font encoding OMS

(/usr/share/texlive/texmf-dist/tex/latex/base/omsenc.dfu
File: omsenc.dfu 2008/04/05 v1.1m UTF-8 support for inputenc
   defining Unicode char U+00A7 (decimal 167)
   defining Unicode char U+00B6 (decimal 182)
   defining Unicode char U+00B7 (decimal 183)
   defining Unicode char U+2020 (decimal 8224)
   defining Unicode char U+2021 (decimal 8225)
   defining Unicode char U+2022 (decimal 8226)
)
Now handling font encoding OMX ...
... no UTF-8 mapping file for font encoding OMX
Now handling font encoding U ...
... no UTF-8 mapping file for font encoding U
Now handling font encoding PD1 ...
... no UTF-8 mapping file for font encoding PD1
   defining Unicode char U+00A9 (decimal 169)
   defining Unicode char U+00AA (decimal 170)
   defining Unicode char U+00AE (decimal 174)
   defining Unicode char U+00BA (decimal 186)
   defining Unicode char U+02C6 (decimal 710)
   defining Unicode char U+02DC (decimal 732)
   defining Unicode char U+200C (decimal 8204)
   defining Unicode char U+2026 (decimal 8230)
   defining Unicode char U+2122 (decimal 8482)
   defining Unicode char U+2423 (decimal 9251)
))
(/usr/share/texlive/texmf-dist/tex/latex/base/fontenc.sty
Package: fontenc 2005/09/27 v1.99g Standard LaTeX package

(/usr/share/texlive/texmf-dist/tex/latex/base/t1enc.def
File: t1enc.def 2005/09/27 v1.99g Standard LaTeX file
LaTeX Font Info:    Redeclaring font encoding T1 on input line 43.
))
(/usr/share/texlive/texmf-dist/tex/latex/graphics/graphicx.sty
Package: graphicx 1999/02/16 v1.0f Enhanced LaTeX Graphics (DPC,SPQR)

(/usr/share/texlive/texmf-dist/tex/latex/graphics/graphics.sty
Package: graphics 2009/02/05 v1.0o Standard LaTeX Graphics (DPC,SPQR)

(/usr/share/texlive/texmf-dist/tex/latex/graphics/trig.sty
Package: trig 1999/03/16 v1.09 sin cos tan (DPC)
)
(/usr/share/texlive/texmf-dist/tex/latex/latexconfig/graphics.cfg
File: graphics.cfg 2010/04/23 v1.9 graphics configuration of TeX Live
)
Package graphics Info: Driver file: pdftex.def on input line 91.

(/usr/share/texlive/texmf-dist/tex/latex/pdftex-def/pdftex.def
File: pdftex.def 2011/05/27 v0.06d Graphics/color for pdfTeX
\Gread@gobject=\count166
))
\Gin@req@height=\dimen155
\Gin@req@width=\dimen156
)
(/usr/share/texlive/texmf-dist/tex/latex/amsfonts/amsfonts.sty
Package: amsfonts 2013/01/14 v3.01 Basic AMSFonts support
\@emptytoks=\toks27
\symAMSa=\mathgroup4
\symAMSb=\mathgroup5
LaTeX Font Info:    Overwriting math alphabet `\mathfrak' in version `bold'
(Font)                  U/euf/m/n --> U/euf/b/n on input line 106.
)
(/usr/share/texlive/texmf-dist/tex/latex/amsfonts/amssymb.sty
Package: amssymb 2013/01/14 v3.01 AMS font symbols
)
(/usr/share/texlive/texmf-dist/tex/latex/amsmath/amsmath.sty
Package: amsmath 2013/01/14 v2.14 AMS math features
\@mathmargin=\skip196

For additional information on amsmath, use the `?' option.
(/usr/share/texlive/texmf-dist/tex/latex/amsmath/amstext.sty
Package: amstext 2000/06/29 v2.01

(/usr/share/texlive/texmf-dist/tex/latex/amsmath/amsgen.sty
File: amsgen.sty 1999/11/30 v2.0
\@emptytoks=\toks28
\ex@=\dimen157
))
(/usr/share/texlive/texmf-dist/tex/latex/amsmath/amsbsy.sty
Package: amsbsy 1999/11/29 v1.2d
\pmbraise@=\dimen158
)
(/usr/share/texlive/texmf-dist/tex/latex/amsmath/amsopn.sty
Package: amsopn 1999/12/14 v2.01 operator names
)
\inf@bad=\count167
LaTeX Info: Redefining \frac on input line 210.
\uproot@=\count168
\leftroot@=\count169
LaTeX Info: Redefining \overline on input line 306.
\classnum@=\count170
\DOTSCASE@=\count171
LaTeX Info: Redefining \ldots on input line 378.
LaTeX Info: Redefining \dots on input line 381.
LaTeX Info: Redefining \cdots on input line 466.
\Mathstrutbox@=\box30
\strutbox@=\box31
\big@size=\dimen159
LaTeX Font Info:    Redeclaring font encoding OML on input line 566.
LaTeX Font Info:    Redeclaring font encoding OMS on input line 567.
\macc@depth=\count172
\c@MaxMatrixCols=\count173
\dotsspace@=\muskip11
\c@parentequation=\count174
\dspbrk@lvl=\count175
\tag@help=\toks29
\row@=\count176
\column@=\count177
\maxfields@=\count178
\andhelp@=\toks30
\eqnshift@=\dimen160
\alignsep@=\dimen161
\tagshift@=\dimen162
\tagwidth@=\dimen163
\totwidth@=\dimen164
\lineht@=\dimen165
\@envbody=\toks31
\multlinegap=\skip197
\multlinetaggap=\skip198
\mathdisplay@stack=\toks32
LaTeX Info: Redefining \[ on input line 2665.
LaTeX Info: Redefining \] on input line 2666.
)
(/usr/share/texlive/texmf-dist/tex/latex/multirow/multirow.sty
\bigstrutjot=\dimen166
)
(/usr/share/texlive/texmf-dist/tex/latex/tools/indentfirst.sty
Package: indentfirst 1995/11/23 v1.03 Indent first paragraph (DPC)
)
(/usr/share/texlive/texmf-dist/tex/latex/listings/listings.sty
\lst@mode=\count179
\lst@gtempboxa=\box32
\lst@token=\toks33
\lst@length=\count180
\lst@currlwidth=\dimen167
\lst@column=\count181
\lst@pos=\count182
\lst@lostspace=\dimen168
\lst@width=\dimen169
\lst@newlines=\count183
\lst@lineno=\count184
\lst@maxwidth=\dimen170

(/usr/share/texlive/texmf-dist/tex/latex/listings/lstmisc.sty
File: lstmisc.sty 2013/08/26 1.5b (Carsten Heinz)
\c@lstnumber=\count185
\lst@skipnumbers=\count186
\lst@framebox=\box33
)
(/usr/share/texlive/texmf-dist/tex/latex/listings/listings.cfg
File: listings.cfg 2013/08/26 1.5b listings configuration
))
Package: listings 2013/08/26 1.5b (Carsten Heinz)

(/usr/share/texmf/tex/latex/xcolor/xcolor.sty
Package: xcolor 2007/01/21 v2.11 LaTeX color extensions (UK)

(/usr/share/texlive/texmf-dist/tex/latex/latexconfig/color.cfg
File: color.cfg 2007/01/18 v1.5 color configuration of teTeX/TeXLive
)
Package xcolor Info: Driver file: pdftex.def on input line 225.
Package xcolor Info: Model `cmy' substituted by `cmy0' on input line 1337.
Package xcolor Info: Model `hsb' substituted by `rgb' on input line 1341.
Package xcolor Info: Model `RGB' extended on input line 1353.
Package xcolor Info: Model `HTML' substituted by `rgb' on input line 1355.
Package xcolor Info: Model `Hsb' substituted by `hsb' on input line 1356.
Package xcolor Info: Model `tHsb' substituted by `hsb' on input line 1357.
Package xcolor Info: Model `HSB' substituted by `hsb' on input line 1358.
Package xcolor Info: Model `Gray' substituted by `gray' on input line 1359.
Package xcolor Info: Model `wave' substituted by `hsb' on input line 1360.
)
(/usr/share/texlive/texmf-dist/tex/latex/microtype/microtype.sty
Package: microtype 2013/05/23 v2.5a Micro-typographical refinements (RS)
\MT@toks=\toks34
\MT@count=\count187
LaTeX Info: Redefining \textls on input line 766.
\MT@outer@kern=\dimen171
LaTeX Info: Redefining \textmicrotypecontext on input line 1285.
\MT@listname@count=\count188

(/usr/share/texlive/texmf-dist/tex/latex/microtype/microtype-pdftex.def
File: microtype-pdftex.def 2013/05/23 v2.5a Definitions specific to pdftex (RS)

LaTeX Info: Redefining \lsstyle on input line 915.
LaTeX Info: Redefining \lslig on input line 915.
\MT@outer@space=\skip199
)
Package microtype Info: Loading configuration file microtype.cfg.

(/usr/share/texlive/texmf-dist/tex/latex/microtype/microtype.cfg
File: microtype.cfg 2013/05/23 v2.5a microtype main configuration file (RS)
))
(/usr/share/texlive/texmf-dist/tex/latex/algorithm2e/algorithm2e.sty
Package: algorithm2e 2013/01/06 v5.00 algorithms environments
\c@AlgoLine=\count189

(/usr/share/texlive/texmf-dist/tex/latex/tools/xspace.sty
Package: xspace 2009/10/20 v1.13 Space after command names (DPC,MH)
)
(/usr/share/texlive/texmf-dist/tex/latex/relsize/relsize.sty
Package: relsize 2013/03/29 ver 4.1
)
********************************************************
Package `algorithm2e' Release 5.0 -- january 06 2013 --
- algorithm2e-announce@lirmm.fr mailing list for announcement about releases
- algorithm2e-discussion@lirmm.fr mailing list for discussion about package
subscribe by emailing sympa@lirmm.fr with 'subscribe <list> <firstname name>'
- Author: Christophe Fiorio (cfiorio@um2.fr)
********************************************************
\skiptotal=\skip200
\skiplinenumber=\skip201
\skiprule=\skip202
\skiphlne=\skip203
\skiptext=\skip204
\skiplength=\skip205
\algomargin=\skip206
\skipalgocfslide=\skip207
\algowidth=\dimen172
\inoutsize=\dimen173
\inoutindent=\dimen174
\interspacetitleruled=\dimen175
\interspacealgoruled=\dimen176
\interspacetitleboxruled=\dimen177
\algocf@inoutbox=\box34
\algocf@inputbox=\box35
\AlCapSkip=\skip208
\AlCapHSkip=\skip209
\algoskipindent=\skip210
\algocf@nlbox=\box36
\algocf@hangingbox=\box37
\algocf@untilbox=\box38
\algocf@skipuntil=\skip211
\algocf@capbox=\box39
\algoheightruledefault=\skip212
\algoheightrule=\skip213
\algotitleheightruledefault=\skip214
\algotitleheightrule=\skip215
\c@algocfline=\count190
\c@algocfproc=\count191
\c@algocf=\count192
\algocf@algoframe=\box40
\algocf@algobox=\box41
) (/usr/share/texlive/texmf-dist/tex/latex/algorithms/algorithmic.sty
Package: algorithmic 2009/08/24 v0.1 Document Style `algorithmic'
\c@ALC@unique=\count193
\c@ALC@line=\count194
\c@ALC@rem=\count195
\c@ALC@depth=\count196
\ALC@tlm=\skip216
\algorithmicindent=\skip217
)
(/usr/share/texlive/texmf-dist/tex/latex/lipsum/lipsum.sty
Package: lipsum 2011/04/14 v1.2 150 paragraphs of Lorem Ipsum dummy text
\c@lips@count=\count197
)
(/usr/share/texlive/texmf-dist/tex/latex/etoolbox/etoolbox.sty
Package: etoolbox 2011/01/03 v2.1 e-TeX tools for LaTeX
\etb@tempcnta=\count198
)
(/usr/share/texlive/texmf-dist/tex/latex/glossaries/base/glossaries.sty
Package: glossaries 2014/01/20 v4.03 (NLCT)

(/usr/share/texlive/texmf-dist/tex/latex/xkeyval/xkeyval.sty
Package: xkeyval 2012/10/14 v2.6b package option processing (HA)

(/usr/share/texlive/texmf-dist/tex/generic/xkeyval/xkeyval.tex
\XKV@toks=\toks35
\XKV@tempa@toks=\toks36
\XKV@depth=\count199
File: xkeyval.tex 2012/10/14 v2.6b key=value parser (HA)
))
(/usr/share/texlive/texmf-dist/tex/latex/glossaries/base/mfirstuc.sty
Package: mfirstuc 2013/11/04 v1.08 (NLCT)
\@glsmfirst=\toks37
\@glsmrest=\toks38
)
(/usr/share/texlive/texmf-dist/tex/latex/xfor/xfor.sty
Package: xfor 2009/02/05 v1.05 (NLCT)
)
(/usr/share/texlive/texmf-dist/tex/latex/datatool/datatool-base.sty
Package: datatool-base 2013/09/06 v2.18 (NLCT)

(/usr/share/texlive/texmf-dist/tex/latex/substr/substr.sty
Package: substr 2009/10/20 v1.2 Handle substrings
\c@su@anzahl=\count200
)
(/usr/share/texlive/texmf-dist/tex/latex/datatool/datatool-fp.sty
Package: datatool-fp 2013/08/29 v2.17 (NLCT)

(/usr/share/texlive/texmf-dist/tex/latex/fp/fp.sty
Package: fp 1995/04/02

`Fixed Point Package', Version 0.8, April 2, 1995 (C) Michael Mehlich
(/usr/share/texlive/texmf-dist/tex/latex/fp/defpattern.sty
Package: defpattern 1994/10/12
\actioncount=\count201
)
(/usr/share/texlive/texmf-dist/tex/latex/fp/fp-basic.sty
Package: fp-basic 1996/05/13
\FP@xs=\count202
\FP@xia=\count203
\FP@xib=\count204
\FP@xfa=\count205
\FP@xfb=\count206
\FP@rega=\count207
\FP@regb=\count208
\FP@regs=\count209
\FP@times=\count210
)
(/usr/share/texlive/texmf-dist/tex/latex/fp/fp-addons.sty
Package: fp-addons 1995/03/15
)
(/usr/share/texlive/texmf-dist/tex/latex/fp/fp-snap.sty
Package: fp-snap 1995/04/05
)
(/usr/share/texlive/texmf-dist/tex/latex/fp/fp-exp.sty
Package: fp-exp 1995/04/03
)
(/usr/share/texlive/texmf-dist/tex/latex/fp/fp-trigo.sty
Package: fp-trigo 1995/04/14
)
(/usr/share/texlive/texmf-dist/tex/latex/fp/fp-pas.sty
Package: fp-pas 1994/08/29
)
(/usr/share/texlive/texmf-dist/tex/latex/fp/fp-random.sty
Package: fp-random 1995/02/23
\FPseed=\count211
)
(/usr/share/texlive/texmf-dist/tex/latex/fp/fp-eqn.sty
Package: fp-eqn 1995/04/03
)
(/usr/share/texlive/texmf-dist/tex/latex/fp/fp-upn.sty
Package: fp-upn 1996/10/21
)
(/usr/share/texlive/texmf-dist/tex/latex/fp/fp-eval.sty
Package: fp-eval 1995/04/03
)))
\@dtl@toks=\toks39
\@dtl@tmpcount=\count212
\dtl@tmplength=\skip218
\dtl@sortresult=\count213
\@dtl@numgrpsepcount=\count214
\@dtl@datatype=\count215
\dtl@codeA=\count216
\dtl@codeB=\count217
\@dtl@foreach@level=\count218
)
(/usr/share/texlive/texmf-dist/tex/latex/glossaries/base/glossaries-compatible-
307.sty
Package: glossaries-compatible-307 2013/11/14 v4.0 (NLCT)
) (/usr/share/texmf/tex/latex/beamer/base/translator/translator.sty
Package: translator 2010/06/12 ver 1.10

(/usr/share/texmf/tex/latex/beamer/base/translator/translator-language-mappings
.tex))
\gls@level=\count219
\@gls@tmpb=\toks40
\gls@tmplen=\skip219
\glswrite=\write4


Package glossaries Warning: Overriding \printglossary on input line 4536.


Package glossaries Warning: overriding `theglossary' environment on input line 
4761.

\glskeylisttok=\toks41
\glslabeltok=\toks42
\glsshorttok=\toks43
\glslongtok=\toks44

(/usr/share/texlive/texmf-dist/tex/latex/glossaries/styles/glossary-hypernav.st
y
Package: glossary-hypernav 2013/11/14 v4.0 (NLCT)
) (/usr/share/texlive/texmf-dist/tex/latex/glossaries/styles/glossary-list.sty
Package: glossary-list 2013/11/14 v4.0 (NLCT)
\glslistdottedwidth=\skip220
) (/usr/share/texlive/texmf-dist/tex/latex/glossaries/styles/glossary-long.sty
Package: glossary-long 2013/11/14 v4.0 (NLCT)

(/usr/share/texlive/texmf-dist/tex/latex/tools/longtable.sty
Package: longtable 2004/02/01 v4.11 Multi-page Table package (DPC)
\LTleft=\skip221
\LTright=\skip222
\LTpre=\skip223
\LTpost=\skip224
\LTchunksize=\count220
\LTcapwidth=\dimen178
\LT@head=\box42
\LT@firsthead=\box43
\LT@foot=\box44
\LT@lastfoot=\box45
\LT@cols=\count221
\LT@rows=\count222
\c@LT@tables=\count223
\c@LT@chunks=\count224
\LT@p@ftn=\toks45
)
\glsdescwidth=\skip225
\glspagelistwidth=\skip226
)
(/usr/share/texlive/texmf-dist/tex/latex/glossaries/styles/glossary-super.sty
Package: glossary-super 2013/11/14 v4.0 (NLCT)

(/usr/share/texlive/texmf-dist/tex/latex/supertabular/supertabular.sty
Package: supertabular 2004/02/20 v4.1e the supertabular environment
\c@tracingst=\count225
\ST@wd=\dimen179
\ST@rightskip=\skip227
\ST@leftskip=\skip228
Normal \skip register pool exhausted, switching to extended pool.
\ST@parfillskip=\skip256
\ST@pageleft=\dimen180
\ST@headht=\dimen181
\ST@tailht=\dimen182
\ST@pagesofar=\dimen183
\ST@pboxht=\dimen184
\ST@lineht=\dimen185
\ST@stretchht=\dimen186
\ST@prevht=\dimen187
\ST@toadd=\dimen188
\ST@dimen=\dimen189
\ST@pbox=\box46
))
(/usr/share/texlive/texmf-dist/tex/latex/glossaries/styles/glossary-tree.sty
Package: glossary-tree 2013/11/14 v4.0 (NLCT)
\glstreeindent=\skip257
))

Class memoir Warning: You are using the caption package with the memoir class. 
To prepare we will now reset all captioning macros and configurations to kernel
 defaults, and then let the caption package take over. Please remember to use t
he caption package interfaces in order to configure your captions. .

(/usr/share/texlive/texmf-dist/tex/latex/caption/caption.sty
Package: caption 2013/05/02 v3.3-89 Customizing captions (AR)

(/usr/share/texlive/texmf-dist/tex/latex/caption/caption3.sty
Package: caption3 2013/05/02 v1.6-88 caption3 kernel (AR)
Package caption3 Info: TeX engine: e-TeX on input line 57.
\captionmargin=\dimen190
\captionmargin@=\dimen191
\captionwidth=\dimen192
\caption@tempdima=\dimen193
\caption@indent=\dimen194
\caption@parindent=\dimen195
\caption@hangindent=\dimen196
)
\c@ContinuedFloat=\count226
Package caption Info: hyperref package is loaded.
Package caption Info: listings package is loaded.
Package caption Info: longtable package is loaded.

(/usr/share/texlive/texmf-dist/tex/latex/caption/ltcaption.sty
Package: ltcaption 2013/02/03 v1.3-62 longtable captions (AR)
)
Package caption Info: supertabular package is loaded.
)
(/usr/share/texlive/texmf-dist/tex/latex/abntex2/abntex2cite.sty
Package: abntex2cite 2014/01/26 v1.9.2 abnTeX2

(/usr/share/texlive/texmf-dist/tex/latex/abntex2/abntex2abrev.sty)
\minimumbiblabelwidth=\skip258
\ABCIauxlen=\skip259
\c@ABCIaux=\count227
\c@ABCImax=\count228
\biblabelsep=\skip260
LaTeX Info: Redefining \newblock on input line 675.
LaTeX Info: Redefining \cite on input line 702.
\ABCItoken=\toks46
)
(/usr/share/texlive/texmf-dist/tex/latex/psnfss/mathptmx.sty
Package: mathptmx 2005/04/12 PSNFSS-v9.2a Times w/ Math, improved (SPQR, WaS) 
LaTeX Font Info:    Redeclaring symbol font `operators' on input line 28.
LaTeX Font Info:    Overwriting symbol font `operators' in version `normal'
(Font)                  OT1/cmr/m/n --> OT1/ztmcm/m/n on input line 28.
LaTeX Font Info:    Overwriting symbol font `operators' in version `bold'
(Font)                  OT1/cmr/bx/n --> OT1/ztmcm/m/n on input line 28.
LaTeX Font Info:    Redeclaring symbol font `letters' on input line 29.
LaTeX Font Info:    Overwriting symbol font `letters' in version `normal'
(Font)                  OML/cmm/m/it --> OML/ztmcm/m/it on input line 29.
LaTeX Font Info:    Overwriting symbol font `letters' in version `bold'
(Font)                  OML/cmm/b/it --> OML/ztmcm/m/it on input line 29.
LaTeX Font Info:    Redeclaring symbol font `symbols' on input line 30.
LaTeX Font Info:    Overwriting symbol font `symbols' in version `normal'
(Font)                  OMS/cmsy/m/n --> OMS/ztmcm/m/n on input line 30.
LaTeX Font Info:    Overwriting symbol font `symbols' in version `bold'
(Font)                  OMS/cmsy/b/n --> OMS/ztmcm/m/n on input line 30.
LaTeX Font Info:    Redeclaring symbol font `largesymbols' on input line 31.
LaTeX Font Info:    Overwriting symbol font `largesymbols' in version `normal'
(Font)                  OMX/cmex/m/n --> OMX/ztmcm/m/n on input line 31.
LaTeX Font Info:    Overwriting symbol font `largesymbols' in version `bold'
(Font)                  OMX/cmex/m/n --> OMX/ztmcm/m/n on input line 31.
\symbold=\mathgroup6
\symitalic=\mathgroup7
LaTeX Font Info:    Redeclaring math alphabet \mathbf on input line 34.
LaTeX Font Info:    Overwriting math alphabet `\mathbf' in version `normal'
(Font)                  OT1/cmr/bx/n --> OT1/ptm/bx/n on input line 34.
LaTeX Font Info:    Overwriting math alphabet `\mathbf' in version `bold'
(Font)                  OT1/cmr/bx/n --> OT1/ptm/bx/n on input line 34.
LaTeX Font Info:    Redeclaring math alphabet \mathit on input line 35.
LaTeX Font Info:    Overwriting math alphabet `\mathit' in version `normal'
(Font)                  OT1/cmr/m/it --> OT1/ptm/m/it on input line 35.
LaTeX Font Info:    Overwriting math alphabet `\mathit' in version `bold'
(Font)                  OT1/cmr/bx/it --> OT1/ptm/m/it on input line 35.
LaTeX Info: Redefining \hbar on input line 50.
)
(/usr/share/texlive/texmf-dist/tex/latex/paracol/paracol.sty
Package: paracol 2013/10/10 v1.31 
Normal \count register pool exhausted, switching to extended pool.
\pcol@currcol=\count277
\pcol@nextcol=\count278
\pcol@ncol=\count279
\pcol@ncolleft=\count280
\pcol@page=\count281
\pcol@basepage=\count282
\pcol@toppage=\count283
\pcol@footnotebase=\count284
\pcol@nfootnotes=\count285
\pcol@mcid=\count286
\pcol@prevdepth=\dimen197
\pcol@colht=\dimen198
\pcol@textfloatsep=\dimen199
\pcol@lrmargin=\dimen200
\pagerim=\dimen201
\pcol@topskip=\skip261
\pcol@topfnotes=\box47
\pcol@prespan=\box48
\pcol@rightpage=\box49
\pcol@tempbox=\box50
\pcol@everyvbox=\toks47
)
(./lib/uecetex2.sty (./elementos-pos-textuais/glossario.tex)
(./elementos-pre-textuais/lista-de-abreviaturas-e-siglas.tex)
\enitdp@alineascomponto=\count287
\c@subalineascompontoi=\count288
\enitdp@subalineascomponto=\count289
\c@alineascomnumeroi=\count290
\c@alineascomnumeroii=\count291
\enitdp@alineascomnumero=\count292
\c@subalineascomnumeroi=\count293
\enitdp@subalineascomnumero=\count294
\c@quadro=\count295
\c@loqdepth=\count296
\cftbeforequadroskip=\skip262
\cftquadroindent=\skip263
\cftquadronumwidth=\skip264
)
(/usr/share/texlive/texmf-dist/tex/latex/pdfpages/pdfpages.sty
Package: pdfpages 2013/08/25 v0.4v Insert pages of external PDF documents (AM)

(/usr/share/texlive/texmf-dist/tex/latex/eso-pic/eso-pic.sty
Package: eso-pic 2013/10/06 v2.0d eso-pic (RN)
)
(/usr/share/texlive/texmf-dist/tex/latex/pdfpages/pppdftex.def
File: pppdftex.def 2013/08/25 v0.4v Pdfpages driver for pdfTeX (AM)
)
\AM@pagebox=\box51
\AM@toc@title=\toks48
\c@AM@survey=\count297
\AM@templatesizebox=\box52
)
(/usr/share/texlive/texmf-dist/tex/latex/placeins/placeins.sty
Package: placeins 2005/04/18  v 2.2
)
(/usr/share/texlive/texmf-dist/tex/latex/listings/lstlang1.sty
File: lstlang1.sty 2013/08/26 1.5b listings language file
)
\glo@main@file=\write5
\openout5 = `documento.glo'.

Package glossaries Info: Writing glossary file documento.glo on input line 135.

\glo@acronym@file=\write6
\openout6 = `documento.acn'.

Package glossaries Info: Writing glossary file documento.acn on input line 135.

)
\documento@idxfile=\write7
\openout7 = `documento.idx'.


Writing index file documento.idx 
(./documento.aux

LaTeX Warning: Label `tab:leotab5' multiply defined.

)
\openout1 = `documento.aux'.

LaTeX Font Info:    Checking defaults for OML/cmm/m/it on input line 149.
LaTeX Font Info:    ... okay on input line 149.
LaTeX Font Info:    Checking defaults for T1/cmr/m/n on input line 149.
LaTeX Font Info:    ... okay on input line 149.
LaTeX Font Info:    Checking defaults for OT1/cmr/m/n on input line 149.
LaTeX Font Info:    ... okay on input line 149.
LaTeX Font Info:    Checking defaults for OMS/cmsy/m/n on input line 149.
LaTeX Font Info:    ... okay on input line 149.
LaTeX Font Info:    Checking defaults for OMX/cmex/m/n on input line 149.
LaTeX Font Info:    ... okay on input line 149.
LaTeX Font Info:    Checking defaults for U/cmr/m/n on input line 149.
LaTeX Font Info:    ... okay on input line 149.
LaTeX Font Info:    Checking defaults for PD1/pdf/m/n on input line 149.
LaTeX Font Info:    ... okay on input line 149.
LaTeX Font Info:    Try loading font information for T1+ptm on input line 149.
 (/usr/share/texlive/texmf-dist/tex/latex/psnfss/t1ptm.fd
File: t1ptm.fd 2001/06/04 font definitions for T1/ptm.
)
\AtBeginShipoutBox=\box53
Package hyperref Info: Link coloring OFF on input line 149.

(/usr/share/texlive/texmf-dist/tex/latex/hyperref/nameref.sty
Package: nameref 2012/10/27 v2.43 Cross-referencing by name of section

(/usr/share/texlive/texmf-dist/tex/generic/oberdiek/gettitlestring.sty
Package: gettitlestring 2010/12/03 v1.4 Cleanup title references (HO)
)
\c@section@level=\count298
)
Redoing nameref's sectioning
Redoing nameref's label
LaTeX Info: Redefining \nameref on input line 149.
LaTeX Info: Redefining \ref on input line 149.
LaTeX Info: Redefining \pageref on input line 149.
LaTeX Info: Redefining \nameref on input line 149.
\myptabbox=\box54
\myptabboxwidth=\skip265
(/usr/share/texlive/texmf-dist/tex/context/base/supp-pdf.mkii
[Loading MPS to PDF converter (version 2006.09.02).]
\scratchcounter=\count299
\scratchdimen=\dimen202
\scratchbox=\box55
\nofMPsegments=\count300
\nofMParguments=\count301
\everyMPshowfont=\toks49
\MPscratchCnt=\count302
\MPscratchDim=\dimen203
\MPnumerator=\count303
\makeMPintoPDFobject=\count304
\everyMPtoPDFconversion=\toks50
) (/usr/share/texlive/texmf-dist/tex/latex/oberdiek/epstopdf-base.sty
Package: epstopdf-base 2010/02/09 v2.5 Base part for package epstopdf

(/usr/share/texlive/texmf-dist/tex/latex/oberdiek/grfext.sty
Package: grfext 2010/08/19 v1.1 Manage graphics extensions (HO)
)
Package grfext Info: Graphics extension search list:
(grfext)             [.png,.pdf,.jpg,.mps,.jpeg,.jbig2,.jb2,.PNG,.PDF,.JPG,.JPE
G,.JBIG2,.JB2,.eps]
(grfext)             \AppendGraphicsExtensions on input line 452.

(/usr/share/texlive/texmf-dist/tex/latex/latexconfig/epstopdf-sys.cfg
File: epstopdf-sys.cfg 2010/07/13 v1.3 Configuration of (r)epstopdf for TeX Liv
e
))
\c@lstlisting=\count305
LaTeX Info: Redefining \microtypecontext on input line 149.
Package microtype Info: Generating PDF output.
Package microtype Info: Character protrusion enabled (level 2).
Package microtype Info: Using default protrusion set `alltext'.
Package microtype Info: Automatic font expansion enabled (level 2),
(microtype)             stretch: 20, shrink: 20, step: 1, non-selected.
Package microtype Info: Using default expansion set `basictext'.
Package microtype Info: No adjustment of tracking.
Package microtype Info: No adjustment of interword spacing.
Package microtype Info: No adjustment of character kerning.

(/usr/share/texlive/texmf-dist/tex/latex/microtype/mt-ptm.cfg
File: mt-ptm.cfg 2006/04/20 v1.7 microtype config. file: Times (RS)
)
(/usr/share/texlive/texmf-dist/tex/latex/glossaries/dict/glossaries-dictionary-
English.dict
Dictionary: glossaries-dictionary, Language: English 
)
(/usr/share/texlive/texmf-dist/tex/latex/glossaries/dict/glossaries-dictionary-
Spanish.dict
Dictionary: glossaries-dictionary, Language: Spanish 
)
(/usr/share/texlive/texmf-dist/tex/latex/glossaries/dict/glossaries-dictionary-
Brazilian.dict
Dictionary: glossaries-dictionary, Language: Brazilian 
)
Package caption Info: Begin \AtBeginDocument code.
Package caption Info: End \AtBeginDocument code.
LaTeX Font Info:    Font shape `T1/ptm/bx/n' in size <12> not available
(Font)              Font shape `T1/ptm/b/n' tried instead on input line 152.
 <lib/logo-uece.png, id=4, 489.83pt x 732.7375pt>
File: lib/logo-uece.png Graphic file (type png)

<use lib/logo-uece.png>
Package pdftex.def Info: lib/logo-uece.png used on input line 152.
(pdftex.def)             Requested size: 58.77705pt x 87.9247pt.
 [1

\openout4 = `documento.ist'.

{/var/lib/texmf/fonts/map/pdftex/updmap/pdftex.map} <./lib/logo-uece.png>]
Underfull \hbox (badness 1024) in paragraph at lines 153--153
\T1/ptm/m/n/12 (+20) Com-pu-ta-o do Cen-tro de Ci-n-cias e Tec-
 []


Underfull \hbox (badness 10000) in paragraph at lines 153--153

 []


Underfull \hbox (badness 1132) in paragraph at lines 153--153
\T1/ptm/m/n/12 (+20) Ori-en-ta-dor: Prof. Dr. Mar-cos Jos Ne-
 []


Underfull \hbox (badness 10000) in paragraph at lines 153--153

 []

LaTeX Font Info:    Try loading font information for OT1+ztmcm on input line 15
3.
(/usr/share/texlive/texmf-dist/tex/latex/psnfss/ot1ztmcm.fd
File: ot1ztmcm.fd 2000/01/03 Fontinst v1.801 font definitions for OT1/ztmcm.
)
Package microtype Info: Loading generic settings for font family
(microtype)             `ztmcm' (encoding: OT1).
(microtype)             For optimal results, create family-specific settings.
(microtype)             See the microtype manual for details.
LaTeX Font Info:    Try loading font information for OML+ztmcm on input line 15
3.

(/usr/share/texlive/texmf-dist/tex/latex/psnfss/omlztmcm.fd
File: omlztmcm.fd 2000/01/03 Fontinst v1.801 font definitions for OML/ztmcm.
)
LaTeX Font Info:    Try loading font information for OMS+ztmcm on input line 15
3.

(/usr/share/texlive/texmf-dist/tex/latex/psnfss/omsztmcm.fd
File: omsztmcm.fd 2000/01/03 Fontinst v1.801 font definitions for OMS/ztmcm.
)
LaTeX Font Info:    Try loading font information for OMX+ztmcm on input line 15
3.

(/usr/share/texlive/texmf-dist/tex/latex/psnfss/omxztmcm.fd
File: omxztmcm.fd 2000/01/03 Fontinst v1.801 font definitions for OMX/ztmcm.
)
(/usr/share/texlive/texmf-dist/tex/latex/microtype/mt-msa.cfg
File: mt-msa.cfg 2006/02/04 v1.1 microtype config. file: AMS symbols (a) (RS)
)
(/usr/share/texlive/texmf-dist/tex/latex/microtype/mt-msb.cfg
File: mt-msb.cfg 2005/06/01 v1.0 microtype config. file: AMS symbols (b) (RS)
)
LaTeX Font Info:    Try loading font information for OT1+ptm on input line 153.


(/usr/share/texlive/texmf-dist/tex/latex/psnfss/ot1ptm.fd
File: ot1ptm.fd 2001/06/04 font definitions for OT1/ptm.
)
LaTeX Font Info:    Font shape `OT1/ptm/bx/n' in size <12> not available
(Font)              Font shape `OT1/ptm/b/n' tried instead on input line 153.
LaTeX Font Info:    Font shape `OT1/ptm/bx/n' in size <9> not available
(Font)              Font shape `OT1/ptm/b/n' tried instead on input line 153.
LaTeX Font Info:    Font shape `OT1/ptm/bx/n' in size <7> not available
(Font)              Font shape `OT1/ptm/b/n' tried instead on input line 153.

Overfull \hbox (4.56003pt too wide) in paragraph at lines 153--153
[]|  |  $[]$ 
 []

pdfTeX warning (ext4): destination with the same identifier (name{page.1}) has 
been already used, duplicate ignored
<to be read again> 
                   \relax 
l.153 	\imprimirfolhaderosto{}
                               [1



]
<elementos-pre-textuais/ficha-catalografica.pdf, id=19, 597.6729pt x 845.07718p
t>
File: elementos-pre-textuais/ficha-catalografica.pdf Graphic file (type pdf)
 <use elementos-pre-textuais/ficha-catalografica.pdf>
Package pdftex.def Info: elementos-pre-textuais/ficha-catalografica.pdf used on
 input line 154.
(pdftex.def)             Requested size: 597.67143pt x 845.07512pt.
File: elementos-pre-textuais/ficha-catalografica.pdf Graphic file (type pdf)

<use elementos-pre-textuais/ficha-catalografica.pdf>
Package pdftex.def Info: elementos-pre-textuais/ficha-catalografica.pdf used on
 input line 154.
(pdftex.def)             Requested size: 597.67143pt x 845.07512pt.

<elementos-pre-textuais/ficha-catalografica.pdf, id=22, page=1, 597.6729pt x 84
5.07718pt>
File: elementos-pre-textuais/ficha-catalografica.pdf Graphic file (type pdf)
 <use elementos-pre-textuais/ficha-catalografica.pdf, page 1>
Package pdftex.def Info: elementos-pre-textuais/ficha-catalografica.pdf, page1 
used on input line 154.
(pdftex.def)             Requested size: 597.67143pt x 845.07512pt.
File: elementos-pre-textuais/ficha-catalografica.pdf Graphic file (type pdf)

<use elementos-pre-textuais/ficha-catalografica.pdf, page 1>
Package pdftex.def Info: elementos-pre-textuais/ficha-catalografica.pdf, page1 
used on input line 154.
(pdftex.def)             Requested size: 597.69879pt x 845.1138pt.
File: elementos-pre-textuais/ficha-catalografica.pdf Graphic file (type pdf)

<use elementos-pre-textuais/ficha-catalografica.pdf, page 1>
Package pdftex.def Info: elementos-pre-textuais/ficha-catalografica.pdf, page1 
used on input line 154.
(pdftex.def)             Requested size: 597.69879pt x 845.1138pt.
File: elementos-pre-textuais/ficha-catalografica.pdf Graphic file (type pdf)

<use elementos-pre-textuais/ficha-catalografica.pdf, page 1>
Package pdftex.def Info: elementos-pre-textuais/ficha-catalografica.pdf, page1 
used on input line 154.
(pdftex.def)             Requested size: 597.69879pt x 845.1138pt.
File: elementos-pre-textuais/ficha-catalografica.pdf Graphic file (type pdf)

<use elementos-pre-textuais/ficha-catalografica.pdf, page 1>
Package pdftex.def Info: elementos-pre-textuais/ficha-catalografica.pdf, page1 
used on input line 154.
(pdftex.def)             Requested size: 597.69879pt x 845.1138pt.
 [2

 <./elementos-pre-textuais/ficha-catalografica.pdf>]
Underfull \hbox (badness 1024) in paragraph at lines 156--156
\T1/ptm/m/n/12 (+20) Com-pu-ta-o do Cen-tro de Ci-n-cias e Tec-
 []


Underfull \hbox (badness 10000) in paragraph at lines 156--156

 []


Underfull \hbox (badness 10000) in paragraph at lines 156--156

 []


Overfull \hbox (4.56003pt too wide) in paragraph at lines 156--156
[]|  |  $[]$ 
 []

[3] (./elementos-pre-textuais/agradecimentos.tex)
Overfull \hbox (2.28003pt too wide) has occurred while \output is active
 []
 []

[4

] (./elementos-pre-textuais/epigrafe.tex)
Overfull \hbox (4.56003pt too wide) in paragraph at lines 159--160
[]|  |  $[]$
 []

[5

] (./elementos-pre-textuais/resumo.tex) [6]
(./elementos-pre-textuais/abstract.tex) [7

] (./documento.lof [8

] [9]) [10]
(./documento.lot) [11] (./documento.loa)
No file documento.acr.
[12

] (./documento.toc [13]) [14] (./elementos-textuais/introducao.tex [15


]
LaTeX Font Info:    Try loading font information for OMS+ptm on input line 60.

(/usr/share/texlive/texmf-dist/tex/latex/psnfss/omsptm.fd
File: omsptm.fd 
)
LaTeX Font Info:    Font shape `OMS/ptm/m/n' in size <12> not available
(Font)              Font shape `OMS/cmsy/m/n' tried instead on input line 60.
 [16])
(./elementos-textuais/grafos.tex [17]
<figuras/assimetrico1.png, id=400, 584.1825pt x 425.59pt>
File: figuras/assimetrico1.png Graphic file (type png)

<use figuras/assimetrico1.png>
Package pdftex.def Info: figuras/assimetrico1.png used on input line 19.
(pdftex.def)             Requested size: 159.33821pt x 116.07974pt.

<figuras/simetrico1.png, id=404, 503.8825pt x 275.0275pt>
File: figuras/simetrico1.png Graphic file (type png)

<use figuras/simetrico1.png>
Package pdftex.def Info: figuras/simetrico1.png used on input line 31.
(pdftex.def)             Requested size: 159.33821pt x 86.96983pt.
 [18

 <./figuras/assimetrico1.png>]
<figuras/goodrich.png, id=414, 505.6491pt x 408.0846pt>
File: figuras/goodrich.png Graphic file (type png)

<use figuras/goodrich.png>
Package pdftex.def Info: figuras/goodrich.png used on input line 44.
(pdftex.def)             Requested size: 159.33821pt x 128.59091pt.
 <figuras/misto1.png, id=420, 584.1825pt x 425.59pt>
File: figuras/misto1.png Graphic file (type png)

<use figuras/misto1.png>
Package pdftex.def Info: figuras/misto1.png used on input line 63.
(pdftex.def)             Requested size: 159.33821pt x 116.07974pt.
 [19 <./figuras/simetrico1.png> <./figuras/goodrich.png>] <figuras/cal_fig_091a
.jpg, id=435, 285.9483pt x 271.9761pt>
File: figuras/cal_fig_091a.jpg Graphic file (type jpg)

<use figuras/cal_fig_091a.jpg>
Package pdftex.def Info: figuras/cal_fig_091a.jpg used on input line 88.
(pdftex.def)             Requested size: 91.04742pt x 86.59837pt.

<figuras/cal_fig_091b.jpg, id=436, 204.5241pt x 181.3977pt>
File: figuras/cal_fig_091b.jpg Graphic file (type jpg)

<use figuras/cal_fig_091b.jpg>
Package pdftex.def Info: figuras/cal_fig_091b.jpg used on input line 89.
(pdftex.def)             Requested size: 113.81102pt x 100.93985pt.

<figuras/cal_fig_092a.jpg, id=439, 285.9483pt x 271.9761pt>
File: figuras/cal_fig_092a.jpg Graphic file (type jpg)

<use figuras/cal_fig_092a.jpg>
Package pdftex.def Info: figuras/cal_fig_092a.jpg used on input line 97.
(pdftex.def)             Requested size: 91.04742pt x 86.59837pt.

<figuras/cal_fig_092b.jpg, id=440, 198.2607pt x 177.7842pt>
File: figuras/cal_fig_092b.jpg Graphic file (type jpg)

<use figuras/cal_fig_092b.jpg>
Package pdftex.def Info: figuras/cal_fig_092b.jpg used on input line 98.
(pdftex.def)             Requested size: 113.81102pt x 102.0569pt.
 [20 <./figuras/misto1.png> <./figuras/cal_fig_091a.jpg> <./figuras/cal_fig_091
b.jpg>]
Underfull \hbox (badness 10000) in paragraph at lines 112--119

 []

<figuras/listaencad.png, id=455, 559.08875pt x 281.05pt>
File: figuras/listaencad.png Graphic file (type png)

<use figuras/listaencad.png>
Package pdftex.def Info: figuras/listaencad.png used on input line 122.
(pdftex.def)             Requested size: 204.85846pt x 102.97906pt.

Underfull \hbox (badness 10000) in paragraph at lines 130--138

 []

[21 <./figuras/cal_fig_092a.jpg> <./figuras/cal_fig_092b.jpg> <./figuras/listae
ncad.png>] <figuras/listdupla.png, id=468, 375.4025pt x 226.8475pt>
File: figuras/listdupla.png Graphic file (type png)

<use figuras/listdupla.png>
Package pdftex.def Info: figuras/listdupla.png used on input line 141.
(pdftex.def)             Requested size: 204.85846pt x 123.79384pt.
 [22 <./figuras/listdupla.png>]
<figuras/tead.png, id=482, 1657.19125pt x 588.1975pt>
File: figuras/tead.png Graphic file (type png)
 <use figuras/tead.png>
Package pdftex.def Info: figuras/tead.png used on input line 186.
(pdftex.def)             Requested size: 364.19667pt x 129.26024pt.

[23 <./figuras/tead.png>]
<figuras/tdae.png, id=489, 1657.19125pt x 588.1975pt>
File: figuras/tdae.png Graphic file (type png)
 <use figuras/tdae.png>
Package pdftex.def Info: figuras/tdae.png used on input line 202.
(pdftex.def)             Requested size: 364.19667pt x 129.26024pt.

<figuras/tdad.png, id=493, 1657.19125pt x 588.1975pt>
File: figuras/tdad.png Graphic file (type png)
 <use figuras/tdad.png>
Package pdftex.def Info: figuras/tdad.png used on input line 217.
(pdftex.def)             Requested size: 364.19667pt x 129.26024pt.

[24 <./figuras/tdae.png> <./figuras/tdad.png>]
<figuras/kim.png, id=519, 409.53pt x 116.68594pt>
File: figuras/kim.png Graphic file (type png)
 <use figuras/kim.png>
Package pdftex.def Info: figuras/kim.png used on input line 283.
(pdftex.def)             Requested size: 250.38564pt x 71.3421pt.

[25] [26 <./figuras/kim.png>]
<figuras/gephiUm.png, id=539, 953.5625pt x 606.265pt>
File: figuras/gephiUm.png Graphic file (type png)

<use figuras/gephiUm.png>
Package pdftex.def Info: figuras/gephiUm.png used on input line 315.
(pdftex.def)             Requested size: 409.71692pt x 260.4946pt.

<figuras/gephiDois.png, id=540, 953.5625pt x 634.37pt>
File: figuras/gephiDois.png Graphic file (type png)

<use figuras/gephiDois.png>
Package pdftex.def Info: figuras/gephiDois.png used on input line 323.
(pdftex.def)             Requested size: 409.71692pt x 272.5705pt.
 [27 <./figuras/gephiUm.png>] [28 <./figuras/gephiDois.png>]
LaTeX Font Info:    Font shape `OT1/ptm/bx/n' in size <10> not available
(Font)              Font shape `OT1/ptm/b/n' tried instead on input line 368.
LaTeX Font Info:    Font shape `OT1/ptm/bx/n' in size <7.4> not available
(Font)              Font shape `OT1/ptm/b/n' tried instead on input line 368.
LaTeX Font Info:    Font shape `OT1/ptm/bx/n' in size <6> not available
(Font)              Font shape `OT1/ptm/b/n' tried instead on input line 368.
Package hyperref Info: bookmark level for unknown lstlisting defaults to 0 on i
nput line 377.
LaTeX Font Info:    Try loading font information for T1+cmtt on input line 377.

 (/usr/share/texlive/texmf-dist/tex/latex/base/t1cmtt.fd
File: t1cmtt.fd 1999/05/25 v2.5h Standard LaTeX font definitions
)
Package microtype Info: Loading generic settings for font family
(microtype)             `cmtt' (encoding: T1).
(microtype)             For optimal results, create family-specific settings.
(microtype)             See the microtype manual for details.

(/usr/share/texlive/texmf-dist/tex/latex/base/utf8.def
File: utf8.def 2008/04/05 v1.1m UTF-8 support for inputenc
) (./figuras/new.json
LaTeX Font Info:    Font shape `T1/cmtt/bx/n' in size <8> not available
(Font)              Font shape `T1/cmtt/m/n' tried instead on input line 7.

[29]) [30] <figuras/b1mod.png, id=644, 331.99031pt x 496.10344pt>
File: figuras/b1mod.png Graphic file (type png)

<use figuras/b1mod.png>
Package pdftex.def Info: figuras/b1mod.png used on input line 389.
(pdftex.def)             Requested size: 159.33821pt x 238.10423pt.
 <figuras/b2mod.png, id=645, 332.74312pt x 495.35063pt>
File: figuras/b2mod.png Graphic file (type png)

<use figuras/b2mod.png>
Package pdftex.def Info: figuras/b2mod.png used on input line 390.
(pdftex.def)             Requested size: 159.33821pt x 237.20628pt.
 <figuras/b3mod.png, id=646, 333.49594pt x 495.35063pt>
File: figuras/b3mod.png Graphic file (type png)

<use figuras/b3mod.png>
Package pdftex.def Info: figuras/b3mod.png used on input line 391.
(pdftex.def)             Requested size: 159.33821pt x 236.66963pt.
 <figuras/b4mod.png, id=647, 332.74312pt x 496.10344pt>
File: figuras/b4mod.png Graphic file (type png)

<use figuras/b4mod.png>
Package pdftex.def Info: figuras/b4mod.png used on input line 392.
(pdftex.def)             Requested size: 159.33821pt x 237.56676pt.
) (./elementos-textuais/caminhos.tex [31 <./figuras/b1mod.png> <./figuras/b2mod
.png> <./figuras/b3mod.png> <./figuras/b4mod.png>]
[32

]
\c@meuteorema=\count306
 <figuras/teorema.png, id=676, 687.56876pt x 167.62625pt>
File: figuras/teorema.png Graphic file (type png)

<use figuras/teorema.png>
Package pdftex.def Info: figuras/teorema.png used on input line 51.
(pdftex.def)             Requested size: 204.85846pt x 49.94295pt.


LaTeX Warning: `!h' float specifier changed to `!ht'.

[33 <./figuras/teorema.png>] [34] [35]
<figuras/grafoRadix.png, id=719, 432.86719pt x 244.66406pt>
File: figuras/grafoRadix.png Graphic file (type png)

<use figuras/grafoRadix.png>
Package pdftex.def Info: figuras/grafoRadix.png used on input line 169.
(pdftex.def)             Requested size: 295.90588pt x 167.25786pt.
 [36] [37 <./figuras/grafoRadix.png>] [38]

LaTeX Warning: `!h' float specifier changed to `!ht'.

[39] [40]

LaTeX Warning: `!h' float specifier changed to `!ht'.

[41] <figuras/leo1.png, id=770, 845.1575pt x 435.6275pt>
File: figuras/leo1.png Graphic file (type png)

<use figuras/leo1.png>
Package pdftex.def Info: figuras/leo1.png used on input line 371.
(pdftex.def)             Requested size: 273.14923pt x 140.7929pt.

<figuras/intervalotemporal.png, id=776, 468.75125pt x 97.36375pt>
File: figuras/intervalotemporal.png Graphic file (type png)

<use figuras/intervalotemporal.png>
Package pdftex.def Info: figuras/intervalotemporal.png used on input line 388.
(pdftex.def)             Requested size: 273.14923pt x 56.73544pt.
 [42 <./figuras/leo1.png> <./figuras/intervalotemporal.png>] <figuras/leo2.png,
 id=788, 845.1575pt x 435.6275pt>
File: figuras/leo2.png Graphic file (type png)

<use figuras/leo2.png>
Package pdftex.def Info: figuras/leo2.png used on input line 407.
(pdftex.def)             Requested size: 227.62206pt x 117.32187pt.
 <figuras/leo3.png, id=790, 845.1575pt x 435.6275pt>
File: figuras/leo3.png Graphic file (type png)

<use figuras/leo3.png>
Package pdftex.def Info: figuras/leo3.png used on input line 449.
(pdftex.def)             Requested size: 227.62206pt x 117.32187pt.
 [43 <./figuras/leo2.png>]
<figuras/leo4.png, id=796, 845.1575pt x 435.6275pt>
File: figuras/leo4.png Graphic file (type png)
 <use figuras/leo4.png>
Package pdftex.def Info: figuras/leo4.png used on input line 478.
(pdftex.def)             Requested size: 227.62206pt x 117.32187pt.

<figuras/leo5.png, id=797, 845.1575pt x 438.63875pt>
File: figuras/leo5.png Graphic file (type png)
 <use figuras/leo5.png>
Package pdftex.def Info: figuras/leo5.png used on input line 505.
(pdftex.def)             Requested size: 227.62206pt x 118.13284pt.

[44 <./figuras/leo3.png> <./figuras/leo4.png>]
<figuras/leo6.png, id=805, 845.1575pt x 438.63875pt>
File: figuras/leo6.png Graphic file (type png)
 <use figuras/leo6.png>
Package pdftex.def Info: figuras/leo6.png used on input line 536.
(pdftex.def)             Requested size: 227.62206pt x 118.13284pt.

<figuras/leo7.png, id=806, 845.1575pt x 438.63875pt>
File: figuras/leo7.png Graphic file (type png)
 <use figuras/leo7.png>
Package pdftex.def Info: figuras/leo7.png used on input line 563.
(pdftex.def)             Requested size: 227.62206pt x 118.13284pt.

[45 <./figuras/leo5.png> <./figuras/leo6.png>]
<figuras/leo8.png, id=814, 847.165pt x 438.63875pt>
File: figuras/leo8.png Graphic file (type png)
 <use figuras/leo8.png>
Package pdftex.def Info: figuras/leo8.png used on input line 592.
(pdftex.def)             Requested size: 227.62206pt x 117.85175pt.

[46 <./figuras/leo7.png> <./figuras/leo8.png>]
(/usr/share/texlive/texmf-dist/tex/latex/base/utf8.def
File: utf8.def 2008/04/05 v1.1m UTF-8 support for inputenc
) (./figuras/tabela.json) [47] <figuras/buckets.png, id=856, 513.92pt x 119.446
24pt>
File: figuras/buckets.png Graphic file (type png)

<use figuras/buckets.png>
Package pdftex.def Info: figuras/buckets.png used on input line 653.
(pdftex.def)             Requested size: 227.62206pt x 52.90462pt.

<figuras/buckets1.png, id=860, 513.92pt x 119.44624pt>
File: figuras/buckets1.png Graphic file (type png)

<use figuras/buckets1.png>
Package pdftex.def Info: figuras/buckets1.png used on input line 665.
(pdftex.def)             Requested size: 227.62206pt x 52.90462pt.

<figuras/buckets2.png, id=861, 513.92pt x 119.44624pt>
File: figuras/buckets2.png Graphic file (type png)

<use figuras/buckets2.png>
Package pdftex.def Info: figuras/buckets2.png used on input line 676.
(pdftex.def)             Requested size: 227.62206pt x 52.90462pt.
 [48 <./figuras/buckets.png> <./figuras/buckets1.png>] <figuras/limitesup1.png,
 id=873, 845.1575pt x 435.6275pt>
File: figuras/limitesup1.png Graphic file (type png)

<use figuras/limitesup1.png>
Package pdftex.def Info: figuras/limitesup1.png used on input line 688.
(pdftex.def)             Requested size: 227.62206pt x 117.32187pt.

<figuras/buckets3.png, id=874, 513.92pt x 119.44624pt>
File: figuras/buckets3.png Graphic file (type png)

<use figuras/buckets3.png>
Package pdftex.def Info: figuras/buckets3.png used on input line 695.
(pdftex.def)             Requested size: 227.62206pt x 52.90462pt.

<figuras/limitesup2.png, id=875, 845.1575pt x 438.63875pt>
File: figuras/limitesup2.png Graphic file (type png)

<use figuras/limitesup2.png>
Package pdftex.def Info: figuras/limitesup2.png used on input line 704.
(pdftex.def)             Requested size: 227.62206pt x 118.13284pt.

<figuras/buckets4.png, id=876, 513.92pt x 119.44624pt>
File: figuras/buckets4.png Graphic file (type png)

<use figuras/buckets4.png>
Package pdftex.def Info: figuras/buckets4.png used on input line 711.
(pdftex.def)             Requested size: 227.62206pt x 52.90462pt.
 [49 <./figuras/buckets2.png> <./figuras/limitesup1.png> <./figuras/buckets3.pn
g> <./figuras/limitesup2.png>]
<figuras/limitesup3.png, id=885, 845.1575pt x 438.63875pt>
File: figuras/limitesup3.png Graphic file (type png)

<use figuras/limitesup3.png>
Package pdftex.def Info: figuras/limitesup3.png used on input line 719.
(pdftex.def)             Requested size: 227.62206pt x 118.13284pt.

<figuras/buckets5.png, id=886, 513.92pt x 119.44624pt>
File: figuras/buckets5.png Graphic file (type png)

<use figuras/buckets5.png>
Package pdftex.def Info: figuras/buckets5.png used on input line 726.
(pdftex.def)             Requested size: 227.62206pt x 52.90462pt.

<figuras/buckets6.png, id=887, 513.92pt x 119.44624pt>
File: figuras/buckets6.png Graphic file (type png)

<use figuras/buckets6.png>
Package pdftex.def Info: figuras/buckets6.png used on input line 735.
(pdftex.def)             Requested size: 227.62206pt x 52.90462pt.

<figuras/limitesup4.png, id=888, 845.1575pt x 438.63875pt>
File: figuras/limitesup4.png Graphic file (type png)

<use figuras/limitesup4.png>
Package pdftex.def Info: figuras/limitesup4.png used on input line 742.
(pdftex.def)             Requested size: 227.62206pt x 118.13284pt.
 [50 <./figuras/buckets4.png> <./figuras/limitesup3.png> <./figuras/buckets5.pn
g> <./figuras/buckets6.png>]
<figuras/buckets7.png, id=897, 513.92pt x 119.44624pt>
File: figuras/buckets7.png Graphic file (type png)

<use figuras/buckets7.png>
Package pdftex.def Info: figuras/buckets7.png used on input line 749.
(pdftex.def)             Requested size: 227.62206pt x 52.90462pt.

<figuras/limitesup5.png, id=899, 847.165pt x 438.63875pt>
File: figuras/limitesup5.png Graphic file (type png)

<use figuras/limitesup5.png>
Package pdftex.def Info: figuras/limitesup5.png used on input line 760.
(pdftex.def)             Requested size: 227.62206pt x 117.85175pt.

<figuras/pathtopdyn.png, id=904, 1527.7075pt x 596.2275pt>
File: figuras/pathtopdyn.png Graphic file (type png)

<use figuras/pathtopdyn.png>
Package pdftex.def Info: figuras/pathtopdyn.png used on input line 790.
(pdftex.def)             Requested size: 364.19667pt x 142.13316pt.
 [51 <./figuras/limitesup4.png> <./figuras/buckets7.png> <./figuras/limitesup5.
png>]

LaTeX Warning: `!h' float specifier changed to `!ht'.

[52 <./figuras/pathtopdyn.png>]
(/usr/share/texlive/texmf-dist/tex/latex/base/utf8.def
File: utf8.def 2008/04/05 v1.1m UTF-8 support for inputenc
)
(./figuras/datatime.json [53])
<figuras/explicacaoDyn1.png, id=951, 406.51875pt x 407.5225pt>
File: figuras/explicacaoDyn1.png Graphic file (type png)

<use figuras/explicacaoDyn1.png>
Package pdftex.def Info: figuras/explicacaoDyn1.png used on input line 863.
(pdftex.def)             Requested size: 204.85846pt x 205.36507pt.

<figuras/explicacaoDyn2.png, id=952, 406.51875pt x 407.5225pt>
File: figuras/explicacaoDyn2.png Graphic file (type png)

<use figuras/explicacaoDyn2.png>
Package pdftex.def Info: figuras/explicacaoDyn2.png used on input line 864.
(pdftex.def)             Requested size: 204.85846pt x 205.36507pt.

<figuras/explicacaoDyn3.png, id=953, 406.51875pt x 407.5225pt>
File: figuras/explicacaoDyn3.png Graphic file (type png)

<use figuras/explicacaoDyn3.png>
Package pdftex.def Info: figuras/explicacaoDyn3.png used on input line 865.
(pdftex.def)             Requested size: 204.85846pt x 205.36507pt.

<figuras/explicacaoDyn4.png, id=954, 406.51875pt x 407.5225pt>
File: figuras/explicacaoDyn4.png Graphic file (type png)

<use figuras/explicacaoDyn4.png>
Package pdftex.def Info: figuras/explicacaoDyn4.png used on input line 866.
(pdftex.def)             Requested size: 204.85846pt x 205.36507pt.

<figuras/dyndyn1.png, id=957, 631.35875pt x 441.65pt>
File: figuras/dyndyn1.png Graphic file (type png)

<use figuras/dyndyn1.png>
Package pdftex.def Info: figuras/dyndyn1.png used on input line 878.
(pdftex.def)             Requested size: 250.38564pt x 175.15405pt.
 [54 <./figuras/explicacaoDyn1.png> <./figuras/explicacaoDyn2.png> <./figuras/e
xplicacaoDyn3.png> <./figuras/explicacaoDyn4.png>]
<figuras/dyndyn2.png, id=974, 631.35875pt x 441.65pt>
File: figuras/dyndyn2.png Graphic file (type png)

<use figuras/dyndyn2.png>
Package pdftex.def Info: figuras/dyndyn2.png used on input line 888.
(pdftex.def)             Requested size: 191.20169pt x 133.74947pt.

<figuras/dyndyn3.png, id=975, 630.355pt x 442.65375pt>
File: figuras/dyndyn3.png Graphic file (type png)

<use figuras/dyndyn3.png>
Package pdftex.def Info: figuras/dyndyn3.png used on input line 889.
(pdftex.def)             Requested size: 191.20169pt x 134.26283pt.

<figuras/dyndyn4.png, id=976, 629.35126pt x 441.65pt>
File: figuras/dyndyn4.png Graphic file (type png)

<use figuras/dyndyn4.png>
Package pdftex.def Info: figuras/dyndyn4.png used on input line 896.
(pdftex.def)             Requested size: 191.20169pt x 134.17403pt.
 <figuras/dyndyn5.png, id=977, 630.355pt x 441.65pt>
File: figuras/dyndyn5.png Graphic file (type png)

<use figuras/dyndyn5.png>
Package pdftex.def Info: figuras/dyndyn5.png used on input line 897.
(pdftex.def)             Requested size: 191.20169pt x 133.95839pt.

<figuras/dyndyn6.png, id=978, 629.35126pt x 441.65pt>
File: figuras/dyndyn6.png Graphic file (type png)

<use figuras/dyndyn6.png>
Package pdftex.def Info: figuras/dyndyn6.png used on input line 904.
(pdftex.def)             Requested size: 191.20169pt x 134.17403pt.

<figuras/dyndyn7.png, id=979, 631.35875pt x 442.65375pt>
File: figuras/dyndyn7.png Graphic file (type png)

<use figuras/dyndyn7.png>
Package pdftex.def Info: figuras/dyndyn7.png used on input line 905.
(pdftex.def)             Requested size: 191.20169pt x 134.05345pt.
) (./elementos-textuais/validacao.tex [55 <./figuras/dyndyn1.png> <./figuras/dy
ndyn2.png> <./figuras/dyndyn3.png> <./figuras/dyndyn4.png> <./figuras/dyndyn5.p
ng>] [56 <./figuras/dyndyn6.png> <./figuras/dyndyn7.png>] <figuras/validacao/sh
ortestpath.png, id=992, 1371.1225pt x 770.88pt>
File: figuras/validacao/shortestpath.png Graphic file (type png)

<use figuras/validacao/shortestpath.png>
Package pdftex.def Info: figuras/validacao/shortestpath.png used on input line 
22.
(pdftex.def)             Requested size: 409.71692pt x 230.3483pt.

<figuras/validacao/upperlimit.png, id=993, 1371.1225pt x 770.88pt>
File: figuras/validacao/upperlimit.png Graphic file (type png)

<use figuras/validacao/upperlimit.png>
Package pdftex.def Info: figuras/validacao/upperlimit.png used on input line 30
.
(pdftex.def)             Requested size: 409.71692pt x 230.3483pt.
 [57

 <./figuras/validacao/shortestpath.png>] <figuras/validacao/downlimit.png, id=9
98, 1371.1225pt x 770.88pt>
File: figuras/validacao/downlimit.png Graphic file (type png)

<use figuras/validacao/downlimit.png>
Package pdftex.def Info: figuras/validacao/downlimit.png used on input line 38.

(pdftex.def)             Requested size: 409.71692pt x 230.3483pt.

(/usr/share/texlive/texmf-dist/tex/latex/base/utf8.def
File: utf8.def 2008/04/05 v1.1m UTF-8 support for inputenc
) (./figuras/dataex1.json [58 <./figuras/validacao/upperlimit.png> <./figuras/v
alidacao/downlimit.png>]) <figuras/validacao/ex1.png, id=1014, 1371.1225pt x 77
0.88pt>
File: figuras/validacao/ex1.png Graphic file (type png)

<use figuras/validacao/ex1.png>
Package pdftex.def Info: figuras/validacao/ex1.png used on input line 57.
(pdftex.def)             Requested size: 318.66948pt x 179.15717pt.
 [59]
<figuras/validacao/dyn1a.png, id=1060, 481.8pt x 662.475pt>
File: figuras/validacao/dyn1a.png Graphic file (type png)

<use figuras/validacao/dyn1a.png>
Package pdftex.def Info: figuras/validacao/dyn1a.png used on input line 65.
(pdftex.def)             Requested size: 113.81102pt x 156.49033pt.

<figuras/validacao/dyn1b.png, id=1061, 481.8pt x 662.475pt>
File: figuras/validacao/dyn1b.png Graphic file (type png)

<use figuras/validacao/dyn1b.png>
Package pdftex.def Info: figuras/validacao/dyn1b.png used on input line 66.
(pdftex.def)             Requested size: 113.81102pt x 156.49033pt.

<figuras/validacao/dyn1c.png, id=1062, 481.8pt x 662.475pt>
File: figuras/validacao/dyn1c.png Graphic file (type png)

<use figuras/validacao/dyn1c.png>
Package pdftex.def Info: figuras/validacao/dyn1c.png used on input line 67.
(pdftex.def)             Requested size: 113.81102pt x 156.49033pt.

<figuras/validacao/dyn1d.png, id=1063, 481.8pt x 662.475pt>
File: figuras/validacao/dyn1d.png Graphic file (type png)

<use figuras/validacao/dyn1d.png>
Package pdftex.def Info: figuras/validacao/dyn1d.png used on input line 68.
(pdftex.def)             Requested size: 113.81102pt x 156.49033pt.

(/usr/share/texlive/texmf-dist/tex/latex/base/utf8.def
File: utf8.def 2008/04/05 v1.1m UTF-8 support for inputenc
)
(./figuras/validacao/dyn1.json [60 <./figuras/validacao/ex1.png> <./figuras/val
idacao/dyn1a.png> <./figuras/validacao/dyn1b.png> <./figuras/validacao/dyn1c.pn
g> <./figuras/validacao/dyn1d.png>])
<figuras/validacao/ex2.png, id=1084, 1371.1225pt x 770.88pt>
File: figuras/validacao/ex2.png Graphic file (type png)

<use figuras/validacao/ex2.png>
Package pdftex.def Info: figuras/validacao/ex2.png used on input line 84.
(pdftex.def)             Requested size: 318.66948pt x 179.15717pt.
 [61]
<figuras/validacao/dyn2a.png, id=1117, 437.635pt x 602.25pt>
File: figuras/validacao/dyn2a.png Graphic file (type png)

<use figuras/validacao/dyn2a.png>
Package pdftex.def Info: figuras/validacao/dyn2a.png used on input line 92.
(pdftex.def)             Requested size: 159.33821pt x 219.27263pt.

<figuras/validacao/dyn2b.png, id=1118, 437.635pt x 602.25pt>
File: figuras/validacao/dyn2b.png Graphic file (type png)

<use figuras/validacao/dyn2b.png>
Package pdftex.def Info: figuras/validacao/dyn2b.png used on input line 93.
(pdftex.def)             Requested size: 159.33821pt x 219.27263pt.

<figuras/validacao/dyn2c.png, id=1119, 437.635pt x 602.25pt>
File: figuras/validacao/dyn2c.png Graphic file (type png)

<use figuras/validacao/dyn2c.png>
Package pdftex.def Info: figuras/validacao/dyn2c.png used on input line 94.
(pdftex.def)             Requested size: 159.33821pt x 219.27263pt.

<figuras/validacao/dyn2d.png, id=1120, 437.635pt x 602.25pt>
File: figuras/validacao/dyn2d.png Graphic file (type png)

<use figuras/validacao/dyn2d.png>
Package pdftex.def Info: figuras/validacao/dyn2d.png used on input line 95.
(pdftex.def)             Requested size: 159.33821pt x 219.27263pt.
 [62 <./figuras/validacao/ex2.png> <./figuras/validacao/dyn2a.png> <./figuras/v
alidacao/dyn2b.png> <./figuras/validacao/dyn2c.png> <./figuras/validacao/dyn2d.
png>]
(/usr/share/texlive/texmf-dist/tex/latex/base/utf8.def
File: utf8.def 2008/04/05 v1.1m UTF-8 support for inputenc
)
(./figuras/validacao/dyn2.json) [63

]
<figuras/validacao/ex3.png, id=1181, 1371.1225pt x 770.88pt>
File: figuras/validacao/ex3.png Graphic file (type png)

<use figuras/validacao/ex3.png>
Package pdftex.def Info: figuras/validacao/ex3.png used on input line 114.
(pdftex.def)             Requested size: 318.66948pt x 179.15717pt.

<figuras/validacao/dyn3a.png, id=1182, 437.635pt x 602.25pt>
File: figuras/validacao/dyn3a.png Graphic file (type png)

<use figuras/validacao/dyn3a.png>
Package pdftex.def Info: figuras/validacao/dyn3a.png used on input line 122.
(pdftex.def)             Requested size: 159.33821pt x 219.27263pt.

<figuras/validacao/dyn3b.png, id=1183, 437.635pt x 602.25pt>
File: figuras/validacao/dyn3b.png Graphic file (type png)

<use figuras/validacao/dyn3b.png>
Package pdftex.def Info: figuras/validacao/dyn3b.png used on input line 123.
(pdftex.def)             Requested size: 159.33821pt x 219.27263pt.

<figuras/validacao/dyn3c.png, id=1184, 437.635pt x 602.25pt>
File: figuras/validacao/dyn3c.png Graphic file (type png)

<use figuras/validacao/dyn3c.png>
Package pdftex.def Info: figuras/validacao/dyn3c.png used on input line 124.
(pdftex.def)             Requested size: 159.33821pt x 219.27263pt.
 [64 <./figuras/validacao/ex3.png>]
(/usr/share/texlive/texmf-dist/tex/latex/base/utf8.def
File: utf8.def 2008/04/05 v1.1m UTF-8 support for inputenc
)
(./figuras/validacao/dyn3.json)
<figuras/validacao/ex4.png, id=1189, 1371.1225pt x 770.88pt>
File: figuras/validacao/ex4.png Graphic file (type png)

<use figuras/validacao/ex4.png>
Package pdftex.def Info: figuras/validacao/ex4.png used on input line 141.
(pdftex.def)             Requested size: 318.66948pt x 179.15717pt.
 [65 <./figuras/validacao/dyn3a.png> <./figuras/validacao/dyn3b.png> <./figuras
/validacao/dyn3c.png>]
<figuras/validacao/dyn4a.png, id=1209, 406.51875pt x 426.59375pt>
File: figuras/validacao/dyn4a.png Graphic file (type png)

<use figuras/validacao/dyn4a.png>
Package pdftex.def Info: figuras/validacao/dyn4a.png used on input line 149.
(pdftex.def)             Requested size: 159.33821pt x 167.20407pt.

<figuras/validacao/dyn4b.png, id=1210, 406.51875pt x 426.59375pt>
File: figuras/validacao/dyn4b.png Graphic file (type png)

<use figuras/validacao/dyn4b.png>
Package pdftex.def Info: figuras/validacao/dyn4b.png used on input line 150.
(pdftex.def)             Requested size: 159.33821pt x 167.20407pt.

<figuras/validacao/dyn4c.png, id=1211, 406.51875pt x 426.59375pt>
File: figuras/validacao/dyn4c.png Graphic file (type png)

<use figuras/validacao/dyn4c.png>
Package pdftex.def Info: figuras/validacao/dyn4c.png used on input line 151.
(pdftex.def)             Requested size: 159.33821pt x 167.20407pt.

<figuras/validacao/dyn4d.png, id=1212, 406.51875pt x 426.59375pt>
File: figuras/validacao/dyn4d.png Graphic file (type png)

<use figuras/validacao/dyn4d.png>
Package pdftex.def Info: figuras/validacao/dyn4d.png used on input line 152.
(pdftex.def)             Requested size: 159.33821pt x 167.20407pt.

<figuras/validacao/dyn4e.png, id=1213, 406.51875pt x 426.59375pt>
File: figuras/validacao/dyn4e.png Graphic file (type png)

<use figuras/validacao/dyn4e.png>
Package pdftex.def Info: figuras/validacao/dyn4e.png used on input line 153.
(pdftex.def)             Requested size: 159.33821pt x 167.20407pt.

<figuras/validacao/dyn4f.png, id=1214, 406.51875pt x 426.59375pt>
File: figuras/validacao/dyn4f.png Graphic file (type png)

<use figuras/validacao/dyn4f.png>
Package pdftex.def Info: figuras/validacao/dyn4f.png used on input line 154.
(pdftex.def)             Requested size: 159.33821pt x 167.20407pt.

<figuras/validacao/dyn4g.png, id=1215, 406.51875pt x 426.59375pt>
File: figuras/validacao/dyn4g.png Graphic file (type png)

<use figuras/validacao/dyn4g.png>
Package pdftex.def Info: figuras/validacao/dyn4g.png used on input line 155.
(pdftex.def)             Requested size: 159.33821pt x 167.20407pt.

<figuras/validacao/dyn4h.png, id=1216, 406.51875pt x 426.59375pt>
File: figuras/validacao/dyn4h.png Graphic file (type png)

<use figuras/validacao/dyn4h.png>
Package pdftex.def Info: figuras/validacao/dyn4h.png used on input line 156.
(pdftex.def)             Requested size: 159.33821pt x 167.20407pt.
 [66 <./figuras/validacao/ex4.png>] [67 <./figuras/validacao/dyn4a.png> <./figu
ras/validacao/dyn4b.png> <./figuras/validacao/dyn4c.png> <./figuras/validacao/d
yn4d.png> <./figuras/validacao/dyn4e.png> <./figuras/validacao/dyn4f.png> <./fi
guras/validacao/dyn4g.png> <./figuras/validacao/dyn4h.png>] (/usr/share/texlive
/texmf-dist/tex/latex/base/utf8.def
File: utf8.def 2008/04/05 v1.1m UTF-8 support for inputenc
)
(./figuras/validacao/dyn4.json)
<figuras/validacao/ex5.png, id=1234, 1371.1225pt x 770.88pt>
File: figuras/validacao/ex5.png Graphic file (type png)

<use figuras/validacao/ex5.png>
Package pdftex.def Info: figuras/validacao/ex5.png used on input line 171.
(pdftex.def)             Requested size: 318.66948pt x 179.15717pt.
 [68]
<figuras/validacao/dyn5a.png, id=1271, 406.51875pt x 459.7175pt>
File: figuras/validacao/dyn5a.png Graphic file (type png)

<use figuras/validacao/dyn5a.png>
Package pdftex.def Info: figuras/validacao/dyn5a.png used on input line 179.
(pdftex.def)             Requested size: 159.33821pt x 180.18698pt.

<figuras/validacao/dyn5b.png, id=1272, 406.51875pt x 459.7175pt>
File: figuras/validacao/dyn5b.png Graphic file (type png)

<use figuras/validacao/dyn5b.png>
Package pdftex.def Info: figuras/validacao/dyn5b.png used on input line 180.
(pdftex.def)             Requested size: 159.33821pt x 180.18698pt.

<figuras/validacao/dyn5c.png, id=1273, 406.51875pt x 459.7175pt>
File: figuras/validacao/dyn5c.png Graphic file (type png)

<use figuras/validacao/dyn5c.png>
Package pdftex.def Info: figuras/validacao/dyn5c.png used on input line 181.
(pdftex.def)             Requested size: 159.33821pt x 180.18698pt.

<figuras/validacao/dyn5d.png, id=1274, 406.51875pt x 459.7175pt>
File: figuras/validacao/dyn5d.png Graphic file (type png)

<use figuras/validacao/dyn5d.png>
Package pdftex.def Info: figuras/validacao/dyn5d.png used on input line 182.
(pdftex.def)             Requested size: 159.33821pt x 180.18698pt.

<figuras/validacao/dyn5e.png, id=1275, 406.51875pt x 459.7175pt>
File: figuras/validacao/dyn5e.png Graphic file (type png)

<use figuras/validacao/dyn5e.png>
Package pdftex.def Info: figuras/validacao/dyn5e.png used on input line 183.
(pdftex.def)             Requested size: 159.33821pt x 180.18698pt.

<figuras/validacao/dyn5f.png, id=1276, 406.51875pt x 459.7175pt>
File: figuras/validacao/dyn5f.png Graphic file (type png)

<use figuras/validacao/dyn5f.png>
Package pdftex.def Info: figuras/validacao/dyn5f.png used on input line 184.
(pdftex.def)             Requested size: 159.33821pt x 180.18698pt.
 [69 <./figuras/validacao/ex5.png>] [70 <./figuras/validacao/dyn5a.png> <./figu
ras/validacao/dyn5b.png> <./figuras/validacao/dyn5c.png> <./figuras/validacao/d
yn5d.png> <./figuras/validacao/dyn5e.png> <./figuras/validacao/dyn5f.png>]
(/usr/share/texlive/texmf-dist/tex/latex/base/utf8.def
File: utf8.def 2008/04/05 v1.1m UTF-8 support for inputenc
)
(./figuras/validacao/dyn5.json)) (./elementos-textuais/conclusao.tex [71

])
(./documento.bbl [72

]
bibitemlist
[73

]) [74]
\tf@lof=\write8
\openout8 = `documento.lof'.

\tf@lot=\write9
\openout9 = `documento.lot'.

\tf@loa=\write10
\openout10 = `documento.loa'.

\tf@toc=\write11
\openout11 = `documento.toc'.

Package atveryend Info: Empty hook `BeforeClearDocument' on input line 192.
Package atveryend Info: Empty hook `AfterLastShipout' on input line 192.
 (./documento.aux)
Package atveryend Info: Executing hook `AtVeryEndDocument' on input line 192.
Package atveryend Info: Empty hook `AtEndAfterFileList' on input line 192.


LaTeX Warning: There were multiply-defined labels.

Package atveryend Info: Empty hook `AtVeryVeryEnd' on input line 192.
 ) 
Here is how much of TeX's memory you used:
 26240 strings out of 493304
 395322 string characters out of 6139871
 985075 words of memory out of 5000000
 28333 multiletter control sequences out of 15000+600000
 61271 words of font info for 233 fonts, out of 8000000 for 9000
 957 hyphenation exceptions out of 8191
 57i,18n,92p,1807b,2418s stack positions out of 5000i,500n,10000p,200000b,80000s
{/usr/share/texmf/fonts/enc/dvips/cm-super/cm-super-t1.enc}{/usr/share/texliv
e/texmf-dist/fonts/enc/dvips/base/8r.enc}</usr/share/texlive/texmf-dist/fonts/t
ype1/public/amsfonts/cm/cmmi10.pfb></usr/share/texlive/texmf-dist/fonts/type1/p
ublic/amsfonts/cm/cmr10.pfb></usr/share/texlive/texmf-dist/fonts/type1/public/a
msfonts/cm/cmsy10.pfb></usr/share/texlive/texmf-dist/fonts/type1/public/amsfont
s/latxfont/lcircle1.pfb></usr/share/texlive/texmf-dist/fonts/type1/public/amsfo
nts/symbols/msam10.pfb></usr/share/texlive/texmf-dist/fonts/type1/public/amsfon
ts/symbols/msbm10.pfb></usr/share/texmf/fonts/type1/public/cm-super/sftt0800.pf
b></usr/share/texlive/texmf-dist/fonts/type1/urw/symbol/usyr.pfb></usr/share/te
xlive/texmf-dist/fonts/type1/urw/times/utmb8a.pfb></usr/share/texlive/texmf-dis
t/fonts/type1/urw/times/utmr8a.pfb></usr/share/texlive/texmf-dist/fonts/type1/u
rw/times/utmri8a.pfb>
Output written on documento.pdf (75 pages, 8184924 bytes).
PDF statistics:
 1632 PDF objects out of 1728 (max. 8388607)
 1364 compressed objects within 14 object streams
 570 named destinations out of 1000 (max. 500000)
 28431 words of extra memory for PDF output out of 29859 (max. 10000000)

