This is pdfTeX, Version 3.1415926-2.5-1.40.14 (TeX Live 2013/Debian) (format=pdflatex 2014.4.23)  4 JAN 2015 23:44
entering extended mode
 restricted \write18 enabled.
 %&-line parsing enabled.
**monografia.tex
(./monografia.tex
LaTeX2e <2011/06/27>
Babel <3.9h> and hyphenation patterns for 78 languages loaded.
(./modelo/tex/preambulo.tex (/usr/share/texmf/tex/latex/abntex/abnt.cls
(/usr/share/texmf/tex/latex/abntex/cvs-id.def)
Document Class: abnt 2006/09/09 v1.32 Classe abnt (NBR6024, NBR6027, NBR6028, N
BR14724)
(/usr/share/texlive/texmf-dist/tex/latex/base/ifthen.sty
Package: ifthen 2001/05/26 v1.1c Standard LaTeX ifthen package (DPC)
)
(/usr/share/texlive/texmf-dist/tex/latex/tools/calc.sty
Package: calc 2007/08/22 v4.3 Infix arithmetic (KKT,FJ)
\calc@Acount=\count79
\calc@Bcount=\count80
\calc@Adimen=\dimen102
\calc@Bdimen=\dimen103
\calc@Askip=\skip41
\calc@Bskip=\skip42
LaTeX Info: Redefining \setlength on input line 76.
LaTeX Info: Redefining \addtolength on input line 77.
\calc@Ccount=\count81
\calc@Cskip=\skip43
)
(/usr/share/texlive/texmf-dist/tex/latex/tools/multicol.sty
Package: multicol 2011/06/27 v1.7a multicolumn formatting (FMi)
\c@tracingmulticols=\count82
\mult@box=\box26
\multicol@leftmargin=\dimen104
\c@unbalance=\count83
\c@collectmore=\count84
\doublecol@number=\count85
\multicoltolerance=\count86
\multicolpretolerance=\count87
\full@width=\dimen105
\page@free=\dimen106
\premulticols=\dimen107
\postmulticols=\dimen108
\multicolsep=\skip44
\multicolbaselineskip=\skip45
\partial@page=\box27
\last@line=\box28
\mult@rightbox=\box29
\mult@grightbox=\box30
\mult@gfirstbox=\box31
\mult@firstbox=\box32
\@tempa=\box33
\@tempa=\box34
\@tempa=\box35
\@tempa=\box36
\@tempa=\box37
\@tempa=\box38
\@tempa=\box39
\@tempa=\box40
\@tempa=\box41
\@tempa=\box42
\@tempa=\box43
\@tempa=\box44
\@tempa=\box45
\@tempa=\box46
\@tempa=\box47
\@tempa=\box48
\@tempa=\box49
\c@columnbadness=\count88
\c@finalcolumnbadness=\count89
\last@try=\dimen109
\multicolovershoot=\dimen110
\multicolundershoot=\dimen111
\mult@nat@firstbox=\box50
\colbreak@box=\box51
\multicol@sort@counter=\count90
)
(/usr/share/texmf/tex/latex/abntex/abntex-abrev.sty
(/usr/share/texmf/tex/latex/abntex/cvs-id.def)
Package: abntex-abrev 2005/11/14 v1.4 Abreviacoes

(/usr/share/texmf/tex/latex/abntex/nbr10522-1988.def
(/usr/share/texmf/tex/latex/abntex/cvs-id.def)
File: nbr10522-1988.def 2003/10/13 v1.2 Abreviacoes bibliograficas (NBR10522:19
88)
)
(/usr/share/texmf/tex/latex/abntex/abntex-abrev-pt_BR.def
(/usr/share/texmf/tex/latex/abntex/cvs-id.def)
File: abntex-abrev-pt_BR.def 2005/11/14 v1.3 definicao de abntex-abrev, traduca
o de termos en_US/pt_BR
))
(/usr/share/texmf/tex/latex/abntex/abntex-text.sty
(/usr/share/texmf/tex/latex/abntex/cvs-id.def)
Package: abntex-text 2005/11/14 v1.1 abnTeX text replacements

(/usr/share/texmf/tex/latex/abntex/abntex-text-pt_BR.def
(/usr/share/texmf/tex/latex/abntex/cvs-id.def)
File: abntex-text-pt_BR.def 2005/12/21 v1.2 Definicao de nomes em Portugues/Bra
sil (pt_BR)
))
(/usr/share/texmf/tex/latex/abntex/abntex-default-design.sty
(/usr/share/texmf/tex/latex/abntex/cvs-id.def)
Package: abntex-default-design 2005/06/22 v1.2 Definicoes de design padrao do a
bntex

(/usr/share/texlive/texmf-dist/tex/latex/relsize/relsize.sty
Package: relsize 2013/03/29 ver 4.1


Package relsize Warning: Failed to get list of defined font sizes.
(relsize)                Size scaling will attempt arbitrary sizes..

)
\ABNTanapindent=\skip46
\ABNTsignwidth=\skip47
\ABNTsignthickness=\skip48
\ABNTsignskip=\skip49
) (/usr/share/texmf/tex/latex/abntex/nbr6027-1989.def)
(/usr/share/texmf/tex/latex/abntex/nbr14724-2001.def)
(/usr/share/texlive/texmf-dist/tex/latex/base/report.cls
Document Class: report 2007/10/19 v1.4h Standard LaTeX document class
(/usr/share/texlive/texmf-dist/tex/latex/base/size12.clo
File: size12.clo 2007/10/19 v1.4h Standard LaTeX file (size option)
)
\c@part=\count91
\c@chapter=\count92
\c@section=\count93
\c@subsection=\count94
\c@subsubsection=\count95
\c@paragraph=\count96
\c@subparagraph=\count97
\c@figure=\count98
\c@table=\count99
\abovecaptionskip=\skip50
\belowcaptionskip=\skip51
\bibindent=\dimen112
)
(/usr/share/texlive/texmf-dist/tex/latex/setspace/setspace.sty
Package: setspace 2011/12/19 v6.7a set line spacing
)
(/usr/share/texlive/texmf-dist/tex/latex/psnfss/mathptmx.sty
Package: mathptmx 2005/04/12 PSNFSS-v9.2a Times w/ Math, improved (SPQR, WaS) 
LaTeX Font Info:    Redeclaring symbol font `operators' on input line 28.
LaTeX Font Info:    Overwriting symbol font `operators' in version `normal'
(Font)                  OT1/cmr/m/n --> OT1/ztmcm/m/n on input line 28.
LaTeX Font Info:    Overwriting symbol font `operators' in version `bold'
(Font)                  OT1/cmr/bx/n --> OT1/ztmcm/m/n on input line 28.
LaTeX Font Info:    Redeclaring symbol font `letters' on input line 29.
LaTeX Font Info:    Overwriting symbol font `letters' in version `normal'
(Font)                  OML/cmm/m/it --> OML/ztmcm/m/it on input line 29.
LaTeX Font Info:    Overwriting symbol font `letters' in version `bold'
(Font)                  OML/cmm/b/it --> OML/ztmcm/m/it on input line 29.
LaTeX Font Info:    Redeclaring symbol font `symbols' on input line 30.
LaTeX Font Info:    Overwriting symbol font `symbols' in version `normal'
(Font)                  OMS/cmsy/m/n --> OMS/ztmcm/m/n on input line 30.
LaTeX Font Info:    Overwriting symbol font `symbols' in version `bold'
(Font)                  OMS/cmsy/b/n --> OMS/ztmcm/m/n on input line 30.
LaTeX Font Info:    Redeclaring symbol font `largesymbols' on input line 31.
LaTeX Font Info:    Overwriting symbol font `largesymbols' in version `normal'
(Font)                  OMX/cmex/m/n --> OMX/ztmcm/m/n on input line 31.
LaTeX Font Info:    Overwriting symbol font `largesymbols' in version `bold'
(Font)                  OMX/cmex/m/n --> OMX/ztmcm/m/n on input line 31.
\symbold=\mathgroup4
\symitalic=\mathgroup5
LaTeX Font Info:    Redeclaring math alphabet \mathbf on input line 34.
LaTeX Font Info:    Overwriting math alphabet `\mathbf' in version `normal'
(Font)                  OT1/cmr/bx/n --> OT1/ptm/bx/n on input line 34.
LaTeX Font Info:    Overwriting math alphabet `\mathbf' in version `bold'
(Font)                  OT1/cmr/bx/n --> OT1/ptm/bx/n on input line 34.
LaTeX Font Info:    Redeclaring math alphabet \mathit on input line 35.
LaTeX Font Info:    Overwriting math alphabet `\mathit' in version `normal'
(Font)                  OT1/cmr/m/it --> OT1/ptm/m/it on input line 35.
LaTeX Font Info:    Overwriting math alphabet `\mathit' in version `bold'
(Font)                  OT1/cmr/bx/it --> OT1/ptm/m/it on input line 35.
LaTeX Info: Redefining \hbar on input line 50.
)
(/usr/share/texlive/texmf-dist/tex/latex/psnfss/helvet.sty
Package: helvet 2005/04/12 PSNFSS-v9.2a (WaS) 

(/usr/share/texlive/texmf-dist/tex/latex/graphics/keyval.sty
Package: keyval 1999/03/16 v1.13 key=value parser (DPC)
\KV@toks@=\toks14
))
(/usr/share/texlive/texmf-dist/tex/latex/tools/indentfirst.sty
Package: indentfirst 1995/11/23 v1.03 Indent first paragraph (DPC)
))
(/usr/share/texmf/tex/latex/abntex/abntcite.sty
(/usr/share/texmf/tex/latex/abntex/cvs-id.def)
Package: abntcite 2006/04/25 v1.30 Chamadas de referencias no texto (NBR10520, 
NBR10522)
\minimumbiblabelwidth=\skip52
\ABCIauxlen=\skip53
\c@ABCIaux=\count100
\c@ABCImax=\count101

(/usr/share/texmf/tex/latex/abntex/nbr10520-2002.def
(/usr/share/texmf/tex/latex/abntex/cvs-id.def)
File: nbr10520-2002.def 2006/04/25 v1.4 Definicoes para abntcite (NBR10520:2002
)
)
\biblabelsep=\skip54
LaTeX Info: Redefining \newblock on input line 466.
LaTeX Info: Redefining \cite on input line 493.
\ABCItoken=\toks15
) (./modelo/tex/uece.sty
(/usr/share/texlive/texmf-dist/tex/generic/babel/babel.sty
Package: babel 2013/12/03 3.9h The Babel package

(/usr/share/texlive/texmf-dist/tex/generic/babel-portuges/portuges.ldf
Language: portuges 2008/03/18 v1.2q Portuguese support from the babel system

(/usr/share/texlive/texmf-dist/tex/generic/babel/babel.def
File: babel.def 2013/12/03 3.9h Babel common definitions
\babel@savecnt=\count102
\U@D=\dimen113
)
Package babel Info: Making " an active character on input line 145.
)
(/usr/share/texlive/texmf-dist/tex/generic/babel-portuges/portuges.ldf
Language: portuges 2008/03/18 v1.2q Portuguese support from the babel system
\l@brazilian = a dialect from \language\l@portuges 
)
(/usr/share/texlive/texmf-dist/tex/generic/babel-portuges/portuges.ldf
Language: portuges 2008/03/18 v1.2q Portuguese support from the babel system
))
(/usr/share/texlive/texmf-dist/tex/latex/base/inputenc.sty
Package: inputenc 2008/03/30 v1.1d Input encoding file
\inpenc@prehook=\toks16
\inpenc@posthook=\toks17

(/usr/share/texlive/texmf-dist/tex/latex/base/utf8.def
File: utf8.def 2008/04/05 v1.1m UTF-8 support for inputenc
Now handling font encoding OML ...
... no UTF-8 mapping file for font encoding OML
Now handling font encoding T1 ...
... processing UTF-8 mapping file for font encoding T1

(/usr/share/texlive/texmf-dist/tex/latex/base/t1enc.dfu
File: t1enc.dfu 2008/04/05 v1.1m UTF-8 support for inputenc
   defining Unicode char U+00A1 (decimal 161)
   defining Unicode char U+00A3 (decimal 163)
   defining Unicode char U+00AB (decimal 171)
   defining Unicode char U+00BB (decimal 187)
   defining Unicode char U+00BF (decimal 191)
   defining Unicode char U+00C0 (decimal 192)
   defining Unicode char U+00C1 (decimal 193)
   defining Unicode char U+00C2 (decimal 194)
   defining Unicode char U+00C3 (decimal 195)
   defining Unicode char U+00C4 (decimal 196)
   defining Unicode char U+00C5 (decimal 197)
   defining Unicode char U+00C6 (decimal 198)
   defining Unicode char U+00C7 (decimal 199)
   defining Unicode char U+00C8 (decimal 200)
   defining Unicode char U+00C9 (decimal 201)
   defining Unicode char U+00CA (decimal 202)
   defining Unicode char U+00CB (decimal 203)
   defining Unicode char U+00CC (decimal 204)
   defining Unicode char U+00CD (decimal 205)
   defining Unicode char U+00CE (decimal 206)
   defining Unicode char U+00CF (decimal 207)
   defining Unicode char U+00D0 (decimal 208)
   defining Unicode char U+00D1 (decimal 209)
   defining Unicode char U+00D2 (decimal 210)
   defining Unicode char U+00D3 (decimal 211)
   defining Unicode char U+00D4 (decimal 212)
   defining Unicode char U+00D5 (decimal 213)
   defining Unicode char U+00D6 (decimal 214)
   defining Unicode char U+00D8 (decimal 216)
   defining Unicode char U+00D9 (decimal 217)
   defining Unicode char U+00DA (decimal 218)
   defining Unicode char U+00DB (decimal 219)
   defining Unicode char U+00DC (decimal 220)
   defining Unicode char U+00DD (decimal 221)
   defining Unicode char U+00DE (decimal 222)
   defining Unicode char U+00DF (decimal 223)
   defining Unicode char U+00E0 (decimal 224)
   defining Unicode char U+00E1 (decimal 225)
   defining Unicode char U+00E2 (decimal 226)
   defining Unicode char U+00E3 (decimal 227)
   defining Unicode char U+00E4 (decimal 228)
   defining Unicode char U+00E5 (decimal 229)
   defining Unicode char U+00E6 (decimal 230)
   defining Unicode char U+00E7 (decimal 231)
   defining Unicode char U+00E8 (decimal 232)
   defining Unicode char U+00E9 (decimal 233)
   defining Unicode char U+00EA (decimal 234)
   defining Unicode char U+00EB (decimal 235)
   defining Unicode char U+00EC (decimal 236)
   defining Unicode char U+00ED (decimal 237)
   defining Unicode char U+00EE (decimal 238)
   defining Unicode char U+00EF (decimal 239)
   defining Unicode char U+00F0 (decimal 240)
   defining Unicode char U+00F1 (decimal 241)
   defining Unicode char U+00F2 (decimal 242)
   defining Unicode char U+00F3 (decimal 243)
   defining Unicode char U+00F4 (decimal 244)
   defining Unicode char U+00F5 (decimal 245)
   defining Unicode char U+00F6 (decimal 246)
   defining Unicode char U+00F8 (decimal 248)
   defining Unicode char U+00F9 (decimal 249)
   defining Unicode char U+00FA (decimal 250)
   defining Unicode char U+00FB (decimal 251)
   defining Unicode char U+00FC (decimal 252)
   defining Unicode char U+00FD (decimal 253)
   defining Unicode char U+00FE (decimal 254)
   defining Unicode char U+00FF (decimal 255)
   defining Unicode char U+0102 (decimal 258)
   defining Unicode char U+0103 (decimal 259)
   defining Unicode char U+0104 (decimal 260)
   defining Unicode char U+0105 (decimal 261)
   defining Unicode char U+0106 (decimal 262)
   defining Unicode char U+0107 (decimal 263)
   defining Unicode char U+010C (decimal 268)
   defining Unicode char U+010D (decimal 269)
   defining Unicode char U+010E (decimal 270)
   defining Unicode char U+010F (decimal 271)
   defining Unicode char U+0110 (decimal 272)
   defining Unicode char U+0111 (decimal 273)
   defining Unicode char U+0118 (decimal 280)
   defining Unicode char U+0119 (decimal 281)
   defining Unicode char U+011A (decimal 282)
   defining Unicode char U+011B (decimal 283)
   defining Unicode char U+011E (decimal 286)
   defining Unicode char U+011F (decimal 287)
   defining Unicode char U+0130 (decimal 304)
   defining Unicode char U+0131 (decimal 305)
   defining Unicode char U+0132 (decimal 306)
   defining Unicode char U+0133 (decimal 307)
   defining Unicode char U+0139 (decimal 313)
   defining Unicode char U+013A (decimal 314)
   defining Unicode char U+013D (decimal 317)
   defining Unicode char U+013E (decimal 318)
   defining Unicode char U+0141 (decimal 321)
   defining Unicode char U+0142 (decimal 322)
   defining Unicode char U+0143 (decimal 323)
   defining Unicode char U+0144 (decimal 324)
   defining Unicode char U+0147 (decimal 327)
   defining Unicode char U+0148 (decimal 328)
   defining Unicode char U+014A (decimal 330)
   defining Unicode char U+014B (decimal 331)
   defining Unicode char U+0150 (decimal 336)
   defining Unicode char U+0151 (decimal 337)
   defining Unicode char U+0152 (decimal 338)
   defining Unicode char U+0153 (decimal 339)
   defining Unicode char U+0154 (decimal 340)
   defining Unicode char U+0155 (decimal 341)
   defining Unicode char U+0158 (decimal 344)
   defining Unicode char U+0159 (decimal 345)
   defining Unicode char U+015A (decimal 346)
   defining Unicode char U+015B (decimal 347)
   defining Unicode char U+015E (decimal 350)
   defining Unicode char U+015F (decimal 351)
   defining Unicode char U+0160 (decimal 352)
   defining Unicode char U+0161 (decimal 353)
   defining Unicode char U+0162 (decimal 354)
   defining Unicode char U+0163 (decimal 355)
   defining Unicode char U+0164 (decimal 356)
   defining Unicode char U+0165 (decimal 357)
   defining Unicode char U+016E (decimal 366)
   defining Unicode char U+016F (decimal 367)
   defining Unicode char U+0170 (decimal 368)
   defining Unicode char U+0171 (decimal 369)
   defining Unicode char U+0178 (decimal 376)
   defining Unicode char U+0179 (decimal 377)
   defining Unicode char U+017A (decimal 378)
   defining Unicode char U+017B (decimal 379)
   defining Unicode char U+017C (decimal 380)
   defining Unicode char U+017D (decimal 381)
   defining Unicode char U+017E (decimal 382)
   defining Unicode char U+200C (decimal 8204)
   defining Unicode char U+2013 (decimal 8211)
   defining Unicode char U+2014 (decimal 8212)
   defining Unicode char U+2018 (decimal 8216)
   defining Unicode char U+2019 (decimal 8217)
   defining Unicode char U+201A (decimal 8218)
   defining Unicode char U+201C (decimal 8220)
   defining Unicode char U+201D (decimal 8221)
   defining Unicode char U+201E (decimal 8222)
   defining Unicode char U+2030 (decimal 8240)
   defining Unicode char U+2031 (decimal 8241)
   defining Unicode char U+2039 (decimal 8249)
   defining Unicode char U+203A (decimal 8250)
   defining Unicode char U+2423 (decimal 9251)
)
Now handling font encoding OT1 ...
... processing UTF-8 mapping file for font encoding OT1

(/usr/share/texlive/texmf-dist/tex/latex/base/ot1enc.dfu
File: ot1enc.dfu 2008/04/05 v1.1m UTF-8 support for inputenc
   defining Unicode char U+00A1 (decimal 161)
   defining Unicode char U+00A3 (decimal 163)
   defining Unicode char U+00B8 (decimal 184)
   defining Unicode char U+00BF (decimal 191)
   defining Unicode char U+00C5 (decimal 197)
   defining Unicode char U+00C6 (decimal 198)
   defining Unicode char U+00D8 (decimal 216)
   defining Unicode char U+00DF (decimal 223)
   defining Unicode char U+00E6 (decimal 230)
   defining Unicode char U+00EC (decimal 236)
   defining Unicode char U+00ED (decimal 237)
   defining Unicode char U+00EE (decimal 238)
   defining Unicode char U+00EF (decimal 239)
   defining Unicode char U+00F8 (decimal 248)
   defining Unicode char U+0131 (decimal 305)
   defining Unicode char U+0141 (decimal 321)
   defining Unicode char U+0142 (decimal 322)
   defining Unicode char U+0152 (decimal 338)
   defining Unicode char U+0153 (decimal 339)
   defining Unicode char U+2013 (decimal 8211)
   defining Unicode char U+2014 (decimal 8212)
   defining Unicode char U+2018 (decimal 8216)
   defining Unicode char U+2019 (decimal 8217)
   defining Unicode char U+201C (decimal 8220)
   defining Unicode char U+201D (decimal 8221)
)
Now handling font encoding OMS ...
... processing UTF-8 mapping file for font encoding OMS

(/usr/share/texlive/texmf-dist/tex/latex/base/omsenc.dfu
File: omsenc.dfu 2008/04/05 v1.1m UTF-8 support for inputenc
   defining Unicode char U+00A7 (decimal 167)
   defining Unicode char U+00B6 (decimal 182)
   defining Unicode char U+00B7 (decimal 183)
   defining Unicode char U+2020 (decimal 8224)
   defining Unicode char U+2021 (decimal 8225)
   defining Unicode char U+2022 (decimal 8226)
)
Now handling font encoding OMX ...
... no UTF-8 mapping file for font encoding OMX
Now handling font encoding U ...
... no UTF-8 mapping file for font encoding U
   defining Unicode char U+00A9 (decimal 169)
   defining Unicode char U+00AA (decimal 170)
   defining Unicode char U+00AE (decimal 174)
   defining Unicode char U+00BA (decimal 186)
   defining Unicode char U+02C6 (decimal 710)
   defining Unicode char U+02DC (decimal 732)
   defining Unicode char U+200C (decimal 8204)
   defining Unicode char U+2026 (decimal 8230)
   defining Unicode char U+2122 (decimal 8482)
   defining Unicode char U+2423 (decimal 9251)
))
(/usr/share/texlive/texmf-dist/tex/latex/lastpage/lastpage.sty
Package: lastpage 2013/01/28 v1.2l Refers to last page's name (HMM; JPG)
))
(/usr/share/texmf/tex/latex/abntex/abnt-alf.sty
Package: abnt-alf 2002/06/24
)
(/usr/share/texlive/texmf-dist/tex/latex/graphics/graphicx.sty
Package: graphicx 1999/02/16 v1.0f Enhanced LaTeX Graphics (DPC,SPQR)

(/usr/share/texlive/texmf-dist/tex/latex/graphics/graphics.sty
Package: graphics 2009/02/05 v1.0o Standard LaTeX Graphics (DPC,SPQR)

(/usr/share/texlive/texmf-dist/tex/latex/graphics/trig.sty
Package: trig 1999/03/16 v1.09 sin cos tan (DPC)
)
(/usr/share/texlive/texmf-dist/tex/latex/latexconfig/graphics.cfg
File: graphics.cfg 2010/04/23 v1.9 graphics configuration of TeX Live
)
Package graphics Info: Driver file: pdftex.def on input line 91.

(/usr/share/texlive/texmf-dist/tex/latex/pdftex-def/pdftex.def
File: pdftex.def 2011/05/27 v0.06d Graphics/color for pdfTeX

(/usr/share/texlive/texmf-dist/tex/generic/oberdiek/infwarerr.sty
Package: infwarerr 2010/04/08 v1.3 Providing info/warning/error messages (HO)
)
(/usr/share/texlive/texmf-dist/tex/generic/oberdiek/ltxcmds.sty
Package: ltxcmds 2011/11/09 v1.22 LaTeX kernel commands for general use (HO)
)
\Gread@gobject=\count103
))
\Gin@req@height=\dimen114
\Gin@req@width=\dimen115
)
(/usr/share/texlive/texmf-dist/tex/latex/listings/listings.sty
\lst@mode=\count104
\lst@gtempboxa=\box52
\lst@token=\toks18
\lst@length=\count105
\lst@currlwidth=\dimen116
\lst@column=\count106
\lst@pos=\count107
\lst@lostspace=\dimen117
\lst@width=\dimen118
\lst@newlines=\count108
\lst@lineno=\count109
\lst@maxwidth=\dimen119

(/usr/share/texlive/texmf-dist/tex/latex/listings/lstmisc.sty
File: lstmisc.sty 2013/08/26 1.5b (Carsten Heinz)
\c@lstnumber=\count110
\lst@skipnumbers=\count111
\lst@framebox=\box53
)
(/usr/share/texlive/texmf-dist/tex/latex/listings/listings.cfg
File: listings.cfg 2013/08/26 1.5b listings configuration
))
Package: listings 2013/08/26 1.5b (Carsten Heinz)

(/usr/share/texlive/texmf-dist/tex/latex/booktabs/booktabs.sty
Package: booktabs 2005/04/14 v1.61803 publication quality tables
\heavyrulewidth=\dimen120
\lightrulewidth=\dimen121
\cmidrulewidth=\dimen122
\belowrulesep=\dimen123
\belowbottomsep=\dimen124
\aboverulesep=\dimen125
\abovetopsep=\dimen126
\cmidrulesep=\dimen127
\cmidrulekern=\dimen128
\defaultaddspace=\dimen129
\@cmidla=\count112
\@cmidlb=\count113
\@aboverulesep=\dimen130
\@belowrulesep=\dimen131
\@thisruleclass=\count114
\@lastruleclass=\count115
\@thisrulewidth=\dimen132
)
(/usr/share/texlive/texmf-dist/tex/latex/amsmath/amsmath.sty
Package: amsmath 2013/01/14 v2.14 AMS math features
\@mathmargin=\skip55

For additional information on amsmath, use the `?' option.
(/usr/share/texlive/texmf-dist/tex/latex/amsmath/amstext.sty
Package: amstext 2000/06/29 v2.01

(/usr/share/texlive/texmf-dist/tex/latex/amsmath/amsgen.sty
File: amsgen.sty 1999/11/30 v2.0
\@emptytoks=\toks19
\ex@=\dimen133
))
(/usr/share/texlive/texmf-dist/tex/latex/amsmath/amsbsy.sty
Package: amsbsy 1999/11/29 v1.2d
\pmbraise@=\dimen134
)
(/usr/share/texlive/texmf-dist/tex/latex/amsmath/amsopn.sty
Package: amsopn 1999/12/14 v2.01 operator names
)
\inf@bad=\count116
LaTeX Info: Redefining \frac on input line 210.
\uproot@=\count117
\leftroot@=\count118
LaTeX Info: Redefining \overline on input line 306.
\classnum@=\count119
\DOTSCASE@=\count120
LaTeX Info: Redefining \ldots on input line 378.
LaTeX Info: Redefining \dots on input line 381.
LaTeX Info: Redefining \cdots on input line 466.
\Mathstrutbox@=\box54
\strutbox@=\box55
\big@size=\dimen135
LaTeX Font Info:    Redeclaring font encoding OML on input line 566.
LaTeX Font Info:    Redeclaring font encoding OMS on input line 567.
\macc@depth=\count121
\c@MaxMatrixCols=\count122
\dotsspace@=\muskip10
\c@parentequation=\count123
\dspbrk@lvl=\count124
\tag@help=\toks20
\row@=\count125
\column@=\count126
\maxfields@=\count127
\andhelp@=\toks21
\eqnshift@=\dimen136
\alignsep@=\dimen137
\tagshift@=\dimen138
\tagwidth@=\dimen139
\totwidth@=\dimen140
\lineht@=\dimen141
\@envbody=\toks22
\multlinegap=\skip56
\multlinetaggap=\skip57
\mathdisplay@stack=\toks23
LaTeX Info: Redefining \[ on input line 2665.
LaTeX Info: Redefining \] on input line 2666.
)
(/usr/share/texlive/texmf-dist/tex/latex/amscls/amsthm.sty
Package: amsthm 2004/08/06 v2.20
\thm@style=\toks24
\thm@bodyfont=\toks25
\thm@headfont=\toks26
\thm@notefont=\toks27
\thm@headpunct=\toks28
\thm@preskip=\skip58
\thm@postskip=\skip59
\thm@headsep=\skip60
\dth@everypar=\toks29
)
(/usr/share/texlive/texmf-dist/tex/latex/amsfonts/eucal.sty
Package: eucal 2009/06/22 v3.00 Euler Script fonts
LaTeX Font Info:    Overwriting math alphabet `\EuScript' in version `bold'
(Font)                  U/eus/m/n --> U/eus/b/n on input line 33.
)
(/usr/share/texlive/texmf-dist/tex/latex/amsfonts/amssymb.sty
Package: amssymb 2013/01/14 v3.01 AMS font symbols

(/usr/share/texlive/texmf-dist/tex/latex/amsfonts/amsfonts.sty
Package: amsfonts 2013/01/14 v3.01 Basic AMSFonts support
\symAMSa=\mathgroup6
\symAMSb=\mathgroup7
LaTeX Font Info:    Overwriting math alphabet `\mathfrak' in version `bold'
(Font)                  U/euf/m/n --> U/euf/b/n on input line 106.
))
(/usr/share/texlive/texmf-dist/tex/latex/jknapltx/mathrsfs.sty
Package: mathrsfs 1996/01/01 Math RSFS package v1.0 (jk)
\symrsfs=\mathgroup8
)
(/usr/share/texlive/texmf-dist/tex/latex/nomencl/nomencl.sty
Package: nomencl 2005/09/22 v4.2 Nomenclature package (LN)
\nomlabelwidth=\dimen142
\nom@tempdim=\dimen143
\nomitemsep=\skip61
)
(/usr/share/texlive/texmf-dist/tex/latex/placeins/placeins.sty
Package: placeins 2005/04/18  v 2.2
)
(/usr/share/texmf/tex/latex/xcolor/xcolor.sty
Package: xcolor 2007/01/21 v2.11 LaTeX color extensions (UK)

(/usr/share/texlive/texmf-dist/tex/latex/latexconfig/color.cfg
File: color.cfg 2007/01/18 v1.5 color configuration of teTeX/TeXLive
)
Package xcolor Info: Driver file: pdftex.def on input line 225.
Package xcolor Info: Model `cmy' substituted by `cmy0' on input line 1337.
Package xcolor Info: Model `hsb' substituted by `rgb' on input line 1341.
Package xcolor Info: Model `RGB' extended on input line 1353.
Package xcolor Info: Model `HTML' substituted by `rgb' on input line 1355.
Package xcolor Info: Model `Hsb' substituted by `hsb' on input line 1356.
Package xcolor Info: Model `tHsb' substituted by `hsb' on input line 1357.
Package xcolor Info: Model `HSB' substituted by `hsb' on input line 1358.
Package xcolor Info: Model `Gray' substituted by `gray' on input line 1359.
Package xcolor Info: Model `wave' substituted by `hsb' on input line 1360.
)
(/usr/share/texlive/texmf-dist/tex/latex/listings/lstlang1.sty
File: lstlang1.sty 2013/08/26 1.5b listings language file
)
(/usr/share/texlive/texmf-dist/tex/latex/base/fontenc.sty
Package: fontenc 2005/09/27 v1.99g Standard LaTeX package

(/usr/share/texlive/texmf-dist/tex/latex/base/t1enc.def
File: t1enc.def 2005/09/27 v1.99g Standard LaTeX file
LaTeX Font Info:    Redeclaring font encoding T1 on input line 43.
))
) (./monografia.aux

LaTeX Warning: Label `fig:codeRadix' multiply defined.


LaTeX Warning: Label `fig:diMod' multiply defined.


LaTeX Warning: Label `tab:leotab5' multiply defined.

)
\openout1 = `monografia.aux'.

LaTeX Font Info:    Checking defaults for OML/cmm/m/it on input line 93.
LaTeX Font Info:    ... okay on input line 93.
LaTeX Font Info:    Checking defaults for T1/cmr/m/n on input line 93.
LaTeX Font Info:    ... okay on input line 93.
LaTeX Font Info:    Checking defaults for OT1/cmr/m/n on input line 93.
LaTeX Font Info:    ... okay on input line 93.
LaTeX Font Info:    Checking defaults for OMS/cmsy/m/n on input line 93.
LaTeX Font Info:    ... okay on input line 93.
LaTeX Font Info:    Checking defaults for OMX/cmex/m/n on input line 93.
LaTeX Font Info:    ... okay on input line 93.
LaTeX Font Info:    Checking defaults for U/cmr/m/n on input line 93.
LaTeX Font Info:    ... okay on input line 93.
LaTeX Font Info:    Try loading font information for T1+ptm on input line 93.
 (/usr/share/texlive/texmf-dist/tex/latex/psnfss/t1ptm.fd
File: t1ptm.fd 2001/06/04 font definitions for T1/ptm.
)
Package lastpage Info: Please have a look at the pageslts package at
(lastpage)             http://www.ctan.org/tex-archive/ 
(lastpage)             macros/latex/contrib/pageslts/ 
(lastpage)             or
(lastpage)             http://www.ctan.org/tex-archive/ 
(lastpage)             install/macros/latex/contrib/pageslts.tds.zip
(lastpage)             ! on input line 93.

(/usr/share/texlive/texmf-dist/tex/context/base/supp-pdf.mkii
[Loading MPS to PDF converter (version 2006.09.02).]
\scratchcounter=\count128
\scratchdimen=\dimen144
\scratchbox=\box56
\nofMPsegments=\count129
\nofMParguments=\count130
\everyMPshowfont=\toks30
\MPscratchCnt=\count131
\MPscratchDim=\dimen145
\MPnumerator=\count132
\makeMPintoPDFobject=\count133
\everyMPtoPDFconversion=\toks31
) (/usr/share/texlive/texmf-dist/tex/generic/oberdiek/pdftexcmds.sty
Package: pdftexcmds 2011/11/29 v0.20 Utility functions of pdfTeX for LuaTeX (HO
)

(/usr/share/texlive/texmf-dist/tex/generic/oberdiek/ifluatex.sty
Package: ifluatex 2010/03/01 v1.3 Provides the ifluatex switch (HO)
Package ifluatex Info: LuaTeX not detected.
)
(/usr/share/texlive/texmf-dist/tex/generic/oberdiek/ifpdf.sty
Package: ifpdf 2011/01/30 v2.3 Provides the ifpdf switch (HO)
Package ifpdf Info: pdfTeX in PDF mode is detected.
)
Package pdftexcmds Info: LuaTeX not detected.
Package pdftexcmds Info: \pdf@primitive is available.
Package pdftexcmds Info: \pdf@ifprimitive is available.
Package pdftexcmds Info: \pdfdraftmode found.
)
(/usr/share/texlive/texmf-dist/tex/latex/oberdiek/epstopdf-base.sty
Package: epstopdf-base 2010/02/09 v2.5 Base part for package epstopdf

(/usr/share/texlive/texmf-dist/tex/latex/oberdiek/grfext.sty
Package: grfext 2010/08/19 v1.1 Manage graphics extensions (HO)

(/usr/share/texlive/texmf-dist/tex/generic/oberdiek/kvdefinekeys.sty
Package: kvdefinekeys 2011/04/07 v1.3 Define keys (HO)
))
(/usr/share/texlive/texmf-dist/tex/latex/oberdiek/kvoptions.sty
Package: kvoptions 2011/06/30 v3.11 Key value format for package options (HO)

(/usr/share/texlive/texmf-dist/tex/generic/oberdiek/kvsetkeys.sty
Package: kvsetkeys 2012/04/25 v1.16 Key value parser (HO)

(/usr/share/texlive/texmf-dist/tex/generic/oberdiek/etexcmds.sty
Package: etexcmds 2011/02/16 v1.5 Avoid name clashes with e-TeX commands (HO)
Package etexcmds Info: Could not find \expanded.
(etexcmds)             That can mean that you are not using pdfTeX 1.50 or
(etexcmds)             that some package has redefined \expanded.
(etexcmds)             In the latter case, load this package earlier.
)))
Package grfext Info: Graphics extension search list:
(grfext)             [.png,.pdf,.jpg,.mps,.jpeg,.jbig2,.jb2,.PNG,.PDF,.JPG,.JPE
G,.JBIG2,.JB2,.eps]
(grfext)             \AppendGraphicsExtensions on input line 452.

(/usr/share/texlive/texmf-dist/tex/latex/latexconfig/epstopdf-sys.cfg
File: epstopdf-sys.cfg 2010/07/13 v1.3 Configuration of (r)epstopdf for TeX Liv
e
))
\c@lstlisting=\count134

(./modelo/tex/documento.tex <modelo/fig/uece.png, id=1, 49.6254pt x 74.4381pt>
File: modelo/fig/uece.png Graphic file (type png)

<use modelo/fig/uece.png>
Package pdftex.def Info: modelo/fig/uece.png used on input line 1.
(pdftex.def)             Requested size: 71.13188pt x 106.6978pt.
LaTeX Font Info:    Font shape `T1/ptm/bx/n' in size <12> not available
(Font)              Font shape `T1/ptm/b/n' tried instead on input line 1.
LaTeX Font Info:    Font shape `T1/ptm/bx/n' in size <17.28> not available
(Font)              Font shape `T1/ptm/b/n' tried instead on input line 1.
LaTeX Font Info:    Try loading font information for OT1+ztmcm on input line 1.


(/usr/share/texlive/texmf-dist/tex/latex/psnfss/ot1ztmcm.fd
File: ot1ztmcm.fd 2000/01/03 Fontinst v1.801 font definitions for OT1/ztmcm.
)
LaTeX Font Info:    Try loading font information for OML+ztmcm on input line 1.


(/usr/share/texlive/texmf-dist/tex/latex/psnfss/omlztmcm.fd
File: omlztmcm.fd 2000/01/03 Fontinst v1.801 font definitions for OML/ztmcm.
)
LaTeX Font Info:    Try loading font information for OMS+ztmcm on input line 1.


(/usr/share/texlive/texmf-dist/tex/latex/psnfss/omsztmcm.fd
File: omsztmcm.fd 2000/01/03 Fontinst v1.801 font definitions for OMS/ztmcm.
)
LaTeX Font Info:    Try loading font information for OMX+ztmcm on input line 1.


(/usr/share/texlive/texmf-dist/tex/latex/psnfss/omxztmcm.fd
File: omxztmcm.fd 2000/01/03 Fontinst v1.801 font definitions for OMX/ztmcm.
)
LaTeX Font Info:    Try loading font information for OT1+ptm on input line 1.

(/usr/share/texlive/texmf-dist/tex/latex/psnfss/ot1ptm.fd
File: ot1ptm.fd 2001/06/04 font definitions for OT1/ptm.
)
LaTeX Font Info:    Font shape `OT1/ptm/bx/n' in size <12> not available
(Font)              Font shape `OT1/ptm/b/n' tried instead on input line 1.
LaTeX Font Info:    Font shape `OT1/ptm/bx/n' in size <9> not available
(Font)              Font shape `OT1/ptm/b/n' tried instead on input line 1.
LaTeX Font Info:    Font shape `OT1/ptm/bx/n' in size <7> not available
(Font)              Font shape `OT1/ptm/b/n' tried instead on input line 1.
LaTeX Font Info:    Try loading font information for U+rsfs on input line 1.

(/usr/share/texlive/texmf-dist/tex/latex/jknapltx/ursfs.fd
File: ursfs.fd 1998/03/24 rsfs font definition file (jk)
) [1

{/var/lib/texmf/fonts/map/pdftex/updmap/pdftex.map} <./modelo/fig/uece.png>] [1
]
LaTeX Font Info:    Font shape `OT1/ptm/bx/n' in size <10.95> not available
(Font)              Font shape `OT1/ptm/b/n' tried instead on input line 3.
LaTeX Font Info:    Font shape `OT1/ptm/bx/n' in size <8> not available
(Font)              Font shape `OT1/ptm/b/n' tried instead on input line 3.
LaTeX Font Info:    Font shape `OT1/ptm/bx/n' in size <6> not available
(Font)              Font shape `OT1/ptm/b/n' tried instead on input line 3.

Overfull \vbox (0.98918pt too high) detected at line 3
 []

[2] [3] [4

]
LaTeX Font Info:    Font shape `T1/ptm/bx/it' in size <12> not available
(Font)              Font shape `T1/ptm/b/it' tried instead on input line 12.
 [5] [6


] [7


] (./monografia.lof [8

] [9] [10])
\tf@lof=\write3
\openout3 = `monografia.lof'.

 [11] (./monografia.lot)
\tf@lot=\write4
\openout4 = `monografia.lot'.

\@nomenclaturefile=\write5
\openout5 = `monografia.nlo'.

Writing nomenclature file monografia.nlo
No file monografia.nls.
[12

] (./monografia.toc [13

])
\tf@toc=\write6
\openout6 = `monografia.toc'.

 [14]) (./chapters/1introducao.tex
Cap\'{\i }tulo 1.

Underfull \hbox (badness 10000) in paragraph at lines 1--1

 []

[15


]
LaTeX Font Info:    Try loading font information for OMS+ptm on input line 67.
 (/usr/share/texlive/texmf-dist/tex/latex/psnfss/omsptm.fd
File: omsptm.fd 
)
LaTeX Font Info:    Font shape `OMS/ptm/m/n' in size <12> not available
(Font)              Font shape `OMS/cmsy/m/n' tried instead on input line 67.
 [16])
(./chapters/2grafoestdin.tex [17]
Cap\'{\i }tulo 2.

Underfull \hbox (badness 10000) in paragraph at lines 1--1

 []

<chapters/fig/assimetrico1.png, id=69, 584.1825pt x 425.59pt>
File: chapters/fig/assimetrico1.png Graphic file (type png)

<use chapters/fig/assimetrico1.png>
Package pdftex.def Info: chapters/fig/assimetrico1.png used on input line 19.
(pdftex.def)             Requested size: 159.33821pt x 116.07974pt.

<chapters/fig/simetrico1.png, id=70, 503.8825pt x 275.0275pt>
File: chapters/fig/simetrico1.png Graphic file (type png)

<use chapters/fig/simetrico1.png>
Package pdftex.def Info: chapters/fig/simetrico1.png used on input line 31.
(pdftex.def)             Requested size: 159.33821pt x 86.96983pt.
 [18

 <./chapters/fig/assimetrico1.png> <./chapters/fig/simetrico1.png>]
<chapters/fig/goodrich.png, id=77, 505.6491pt x 408.0846pt>
File: chapters/fig/goodrich.png Graphic file (type png)

<use chapters/fig/goodrich.png>
Package pdftex.def Info: chapters/fig/goodrich.png used on input line 44.
(pdftex.def)             Requested size: 159.33821pt x 128.59091pt.

<chapters/fig/misto1.png, id=78, 584.1825pt x 425.59pt>
File: chapters/fig/misto1.png Graphic file (type png)

<use chapters/fig/misto1.png>
Package pdftex.def Info: chapters/fig/misto1.png used on input line 63.
(pdftex.def)             Requested size: 159.33821pt x 116.07974pt.
 [19 <./chapters/fig/goodrich.png> <./chapters/fig/misto1.png>] <chapters/fig/c
al_fig_091a.jpg, id=84, 285.9483pt x 271.9761pt>
File: chapters/fig/cal_fig_091a.jpg Graphic file (type jpg)

<use chapters/fig/cal_fig_091a.jpg>
Package pdftex.def Info: chapters/fig/cal_fig_091a.jpg used on input line 88.
(pdftex.def)             Requested size: 91.04742pt x 86.59837pt.

<chapters/fig/cal_fig_091b.jpg, id=85, 204.5241pt x 181.3977pt>
File: chapters/fig/cal_fig_091b.jpg Graphic file (type jpg)

<use chapters/fig/cal_fig_091b.jpg>
Package pdftex.def Info: chapters/fig/cal_fig_091b.jpg used on input line 89.
(pdftex.def)             Requested size: 113.81102pt x 100.93985pt.

<chapters/fig/cal_fig_092a.jpg, id=86, 285.9483pt x 271.9761pt>
File: chapters/fig/cal_fig_092a.jpg Graphic file (type jpg)

<use chapters/fig/cal_fig_092a.jpg>
Package pdftex.def Info: chapters/fig/cal_fig_092a.jpg used on input line 97.
(pdftex.def)             Requested size: 91.04742pt x 86.59837pt.

<chapters/fig/cal_fig_092b.jpg, id=87, 198.2607pt x 177.7842pt>
File: chapters/fig/cal_fig_092b.jpg Graphic file (type jpg)

<use chapters/fig/cal_fig_092b.jpg>
Package pdftex.def Info: chapters/fig/cal_fig_092b.jpg used on input line 98.
(pdftex.def)             Requested size: 113.81102pt x 102.0569pt.

Underfull \hbox (badness 10000) in paragraph at lines 112--119

 []

[20 <./chapters/fig/cal_fig_091a.jpg> <./chapters/fig/cal_fig_091b.jpg> <./chap
ters/fig/cal_fig_092a.jpg> <./chapters/fig/cal_fig_092b.jpg>]
<chapters/fig/listaencad.png, id=92, 559.08875pt x 281.05pt>
File: chapters/fig/listaencad.png Graphic file (type png)

<use chapters/fig/listaencad.png>
Package pdftex.def Info: chapters/fig/listaencad.png used on input line 122.
(pdftex.def)             Requested size: 204.85846pt x 102.97906pt.

Underfull \hbox (badness 10000) in paragraph at lines 130--138

 []

<chapters/fig/listdupla.png, id=93, 375.4025pt x 226.8475pt>
File: chapters/fig/listdupla.png Graphic file (type png)

<use chapters/fig/listdupla.png>
Package pdftex.def Info: chapters/fig/listdupla.png used on input line 141.
(pdftex.def)             Requested size: 204.85846pt x 123.79384pt.
 [21 <./chapters/fig/listaencad.png> <./chapters/fig/listdupla.png>]
<chapters/fig/tead.png, id=97, 1673.25125pt x 596.2275pt>
File: chapters/fig/tead.png Graphic file (type png)

<use chapters/fig/tead.png>
Package pdftex.def Info: chapters/fig/tead.png used on input line 186.
(pdftex.def)             Requested size: 364.19667pt x 129.76941pt.
 [22]
<chapters/fig/tdae.png, id=101, 1673.25125pt x 596.2275pt>
File: chapters/fig/tdae.png Graphic file (type png)

<use chapters/fig/tdae.png>
Package pdftex.def Info: chapters/fig/tdae.png used on input line 200.
(pdftex.def)             Requested size: 364.19667pt x 129.76941pt.

<chapters/fig/tdat.png, id=102, 1673.25125pt x 596.2275pt>
File: chapters/fig/tdat.png Graphic file (type png)

<use chapters/fig/tdat.png>
Package pdftex.def Info: chapters/fig/tdat.png used on input line 215.
(pdftex.def)             Requested size: 364.19667pt x 129.76941pt.
 [23 <./chapters/fig/tead.png> <./chapters/fig/tdae.png>] [24 <./chapters/fig/t
dat.png>]
<chapters/fig/kim.png, id=113, 409.53pt x 116.68594pt>
File: chapters/fig/kim.png Graphic file (type png)

<use chapters/fig/kim.png>
Package pdftex.def Info: chapters/fig/kim.png used on input line 282.
(pdftex.def)             Requested size: 250.38564pt x 71.3421pt.
 [25 <./chapters/fig/kim.png>]
<chapters/fig/gephiUm.png, id=118, 953.5625pt x 606.265pt>
File: chapters/fig/gephiUm.png Graphic file (type png)

<use chapters/fig/gephiUm.png>
Package pdftex.def Info: chapters/fig/gephiUm.png used on input line 312.
(pdftex.def)             Requested size: 409.71692pt x 260.4946pt.

<chapters/fig/gephiDois.png, id=119, 953.5625pt x 634.37pt>
File: chapters/fig/gephiDois.png Graphic file (type png)

<use chapters/fig/gephiDois.png>
Package pdftex.def Info: chapters/fig/gephiDois.png used on input line 320.
(pdftex.def)             Requested size: 409.71692pt x 272.5705pt.
 [26 <./chapters/fig/gephiUm.png>]
Overfull \hbox (3.24312pt too wide) in paragraph at lines 345--347
[]\T1/ptm/m/n/12 A es-tru-tura de da-dos usada no Dy-na-graph se-gue a No-ta-зг
o de Ob-jeto Ja-vas-cript (JSON),
 []

[27 <./chapters/fig/gephiDois.png>]
LaTeX Font Info:    Font shape `OT1/ptm/bx/n' in size <10> not available
(Font)              Font shape `OT1/ptm/b/n' tried instead on input line 364.
LaTeX Font Info:    Font shape `OT1/ptm/bx/n' in size <7.4> not available
(Font)              Font shape `OT1/ptm/b/n' tried instead on input line 364.
LaTeX Font Info:    Try loading font information for T1+cmtt on input line 376.


(/usr/share/texlive/texmf-dist/tex/latex/base/t1cmtt.fd
File: t1cmtt.fd 1999/05/25 v2.5h Standard LaTeX font definitions
)
(/usr/share/texlive/texmf-dist/tex/latex/base/utf8.def
File: utf8.def 2008/04/05 v1.1m UTF-8 support for inputenc
) (./chapters/new.json
LaTeX Font Info:    Font shape `T1/cmtt/bx/n' in size <8> not available
(Font)              Font shape `T1/cmtt/m/n' tried instead on input line 7.
LaTeX Font Info:    Font shape `OT1/ptm/bx/n' in size <5> not available
(Font)              Font shape `OT1/ptm/b/n' tried instead on input line 7.

[28]) <chapters/fig/b1mod.png, id=130, 331.99031pt x 496.10344pt>
File: chapters/fig/b1mod.png Graphic file (type png)

<use chapters/fig/b1mod.png>
Package pdftex.def Info: chapters/fig/b1mod.png used on input line 392.
(pdftex.def)             Requested size: 109.26108pt x 163.268pt.

<chapters/fig/b2mod.png, id=131, 332.74312pt x 495.35063pt>
File: chapters/fig/b2mod.png Graphic file (type png)

<use chapters/fig/b2mod.png>
Package pdftex.def Info: chapters/fig/b2mod.png used on input line 393.
(pdftex.def)             Requested size: 109.26108pt x 162.6499pt.

<chapters/fig/b3mod.png, id=132, 333.49594pt x 495.35063pt>
File: chapters/fig/b3mod.png Graphic file (type png)

<use chapters/fig/b3mod.png>
Package pdftex.def Info: chapters/fig/b3mod.png used on input line 394.
(pdftex.def)             Requested size: 109.26108pt x 162.2871pt.

<chapters/fig/b4mod.png, id=133, 332.74312pt x 496.10344pt>
File: chapters/fig/b4mod.png Graphic file (type png)

<use chapters/fig/b4mod.png>
Package pdftex.def Info: chapters/fig/b4mod.png used on input line 395.
(pdftex.def)             Requested size: 109.26108pt x 162.89708pt.
 [29]) (./chapters/3fundamentacao-teorica.tex
[30 <./chapters/fig/b1mod.png> <./chapters/fig/b2mod.png> <./chapters/fig/b3mod
.png> <./chapters/fig/b4mod.png>]
Cap\'{\i }tulo 3.

Underfull \hbox (badness 10000) in paragraph at lines 1--1

 []

<chapters/fig/teorema.png, id=145, 687.56876pt x 177.66376pt>
File: chapters/fig/teorema.png Graphic file (type png)

<use chapters/fig/teorema.png>
Package pdftex.def Info: chapters/fig/teorema.png used on input line 35.
(pdftex.def)             Requested size: 204.85846pt x 52.93355pt.
 [31

]
Underfull \hbox (badness 10000) in paragraph at lines 74--74

 []

[32 <./chapters/fig/teorema.png>] [33] [34]
<chapters/fig/grafoRadix.png, id=160, 432.86719pt x 244.66406pt>
File: chapters/fig/grafoRadix.png Graphic file (type png)

<use chapters/fig/grafoRadix.png>
Package pdftex.def Info: chapters/fig/grafoRadix.png used on input line 180.
(pdftex.def)             Requested size: 295.90588pt x 167.25786pt.
 [35 <./chapters/fig/grafoRadix.png>] [36]
Underfull \hbox (badness 10000) in paragraph at lines 316--316

 []

[37] [38]
Underfull \hbox (badness 10000) in paragraph at lines 375--375

 []

[39] <chapters/fig/leo1.png, id=178, 845.1575pt x 435.6275pt>
File: chapters/fig/leo1.png Graphic file (type png)

<use chapters/fig/leo1.png>
Package pdftex.def Info: chapters/fig/leo1.png used on input line 388.
(pdftex.def)             Requested size: 227.62206pt x 117.32187pt.
 [40 <./chapters/fig/leo1.png>]
<chapters/fig/leo2.png, id=183, 845.1575pt x 435.6275pt>
File: chapters/fig/leo2.png Graphic file (type png)

<use chapters/fig/leo2.png>
Package pdftex.def Info: chapters/fig/leo2.png used on input line 414.
(pdftex.def)             Requested size: 227.62206pt x 117.32187pt.

Underfull \hbox (badness 10000) in paragraph at lines 446--446

 []

<chapters/fig/leo3.png, id=184, 845.1575pt x 435.6275pt>
File: chapters/fig/leo3.png Graphic file (type png)

<use chapters/fig/leo3.png>
Package pdftex.def Info: chapters/fig/leo3.png used on input line 456.
(pdftex.def)             Requested size: 227.62206pt x 117.32187pt.
 [41 <./chapters/fig/leo2.png>]
<chapters/fig/leo4.png, id=189, 845.1575pt x 435.6275pt>
File: chapters/fig/leo4.png Graphic file (type png)

<use chapters/fig/leo4.png>
Package pdftex.def Info: chapters/fig/leo4.png used on input line 485.
(pdftex.def)             Requested size: 227.62206pt x 117.32187pt.
 [42 <./chapters/fig/leo3.png> <./chapters/fig/leo4.png>] <chapters/fig/leo5.pn
g, id=196, 845.1575pt x 438.63875pt>
File: chapters/fig/leo5.png Graphic file (type png)

<use chapters/fig/leo5.png>
Package pdftex.def Info: chapters/fig/leo5.png used on input line 511.
(pdftex.def)             Requested size: 227.62206pt x 118.13284pt.

<chapters/fig/leo6.png, id=197, 845.1575pt x 438.63875pt>
File: chapters/fig/leo6.png Graphic file (type png)

<use chapters/fig/leo6.png>
Package pdftex.def Info: chapters/fig/leo6.png used on input line 542.
(pdftex.def)             Requested size: 227.62206pt x 118.13284pt.
 [43 <./chapters/fig/leo5.png>]
<chapters/fig/leo7.png, id=202, 845.1575pt x 438.63875pt>
File: chapters/fig/leo7.png Graphic file (type png)

<use chapters/fig/leo7.png>
Package pdftex.def Info: chapters/fig/leo7.png used on input line 569.
(pdftex.def)             Requested size: 227.62206pt x 118.13284pt.
 [44 <./chapters/fig/leo6.png> <./chapters/fig/leo7.png>] <chapters/fig/leo8.pn
g, id=208, 847.165pt x 438.63875pt>
File: chapters/fig/leo8.png Graphic file (type png)

<use chapters/fig/leo8.png>
Package pdftex.def Info: chapters/fig/leo8.png used on input line 598.
(pdftex.def)             Requested size: 227.62206pt x 117.85175pt.

(/usr/share/texlive/texmf-dist/tex/latex/base/utf8.def
File: utf8.def 2008/04/05 v1.1m UTF-8 support for inputenc
) (./chapters/tabela.json [45 <./chapters/fig/leo8.png>])
Underfull \hbox (badness 10000) in paragraph at lines 672--672

 []

[46] <chapters/fig/buckets.png, id=216, 513.92pt x 119.44624pt>
File: chapters/fig/buckets.png Graphic file (type png)

<use chapters/fig/buckets.png>
Package pdftex.def Info: chapters/fig/buckets.png used on input line 688.
(pdftex.def)             Requested size: 227.62206pt x 52.90462pt.
 [47]
Underfull \hbox (badness 10000) in paragraph at lines 710--710

 []

<chapters/fig/buckets1.png, id=220, 513.92pt x 119.44624pt>
File: chapters/fig/buckets1.png Graphic file (type png)

<use chapters/fig/buckets1.png>
Package pdftex.def Info: chapters/fig/buckets1.png used on input line 720.
(pdftex.def)             Requested size: 227.62206pt x 52.90462pt.

<chapters/fig/buckets2.png, id=221, 513.92pt x 119.44624pt>
File: chapters/fig/buckets2.png Graphic file (type png)

<use chapters/fig/buckets2.png>
Package pdftex.def Info: chapters/fig/buckets2.png used on input line 731.
(pdftex.def)             Requested size: 227.62206pt x 52.90462pt.
 [48 <./chapters/fig/buckets.png> <./chapters/fig/buckets1.png>]
<chapters/fig/limitesup1.png, id=228, 845.1575pt x 435.6275pt>
File: chapters/fig/limitesup1.png Graphic file (type png)

<use chapters/fig/limitesup1.png>
Package pdftex.def Info: chapters/fig/limitesup1.png used on input line 743.
(pdftex.def)             Requested size: 227.62206pt x 117.32187pt.

<chapters/fig/buckets3.png, id=229, 513.92pt x 119.44624pt>
File: chapters/fig/buckets3.png Graphic file (type png)

<use chapters/fig/buckets3.png>
Package pdftex.def Info: chapters/fig/buckets3.png used on input line 750.
(pdftex.def)             Requested size: 227.62206pt x 52.90462pt.

<chapters/fig/limitesup2.png, id=230, 845.1575pt x 438.63875pt>
File: chapters/fig/limitesup2.png Graphic file (type png)

<use chapters/fig/limitesup2.png>
Package pdftex.def Info: chapters/fig/limitesup2.png used on input line 760.
(pdftex.def)             Requested size: 227.62206pt x 118.13284pt.

<chapters/fig/buckets4.png, id=231, 513.92pt x 119.44624pt>
File: chapters/fig/buckets4.png Graphic file (type png)

<use chapters/fig/buckets4.png>
Package pdftex.def Info: chapters/fig/buckets4.png used on input line 767.
(pdftex.def)             Requested size: 227.62206pt x 52.90462pt.

<chapters/fig/limitesup3.png, id=232, 845.1575pt x 438.63875pt>
File: chapters/fig/limitesup3.png Graphic file (type png)

<use chapters/fig/limitesup3.png>
Package pdftex.def Info: chapters/fig/limitesup3.png used on input line 774.
(pdftex.def)             Requested size: 227.62206pt x 118.13284pt.

<chapters/fig/buckets5.png, id=233, 513.92pt x 119.44624pt>
File: chapters/fig/buckets5.png Graphic file (type png)

<use chapters/fig/buckets5.png>
Package pdftex.def Info: chapters/fig/buckets5.png used on input line 781.
(pdftex.def)             Requested size: 227.62206pt x 52.90462pt.
 [49 <./chapters/fig/buckets2.png> <./chapters/fig/limitesup1.png> <./chapters/
fig/buckets3.png>] [50 <./chapters/fig/limitesup2.png> <./chapters/fig/buckets4
.png> <./chapters/fig/limitesup3.png> <./chapters/fig/buckets5.png>]
<chapters/fig/buckets6.png, id=248, 513.92pt x 119.44624pt>
File: chapters/fig/buckets6.png Graphic file (type png)

<use chapters/fig/buckets6.png>
Package pdftex.def Info: chapters/fig/buckets6.png used on input line 791.
(pdftex.def)             Requested size: 227.62206pt x 52.90462pt.

<chapters/fig/limitesup4.png, id=249, 845.1575pt x 438.63875pt>
File: chapters/fig/limitesup4.png Graphic file (type png)

<use chapters/fig/limitesup4.png>
Package pdftex.def Info: chapters/fig/limitesup4.png used on input line 798.
(pdftex.def)             Requested size: 227.62206pt x 118.13284pt.

<chapters/fig/buckets7.png, id=250, 513.92pt x 119.44624pt>
File: chapters/fig/buckets7.png Graphic file (type png)

<use chapters/fig/buckets7.png>
Package pdftex.def Info: chapters/fig/buckets7.png used on input line 805.
(pdftex.def)             Requested size: 227.62206pt x 52.90462pt.

<chapters/fig/limitesup5.png, id=251, 847.165pt x 438.63875pt>
File: chapters/fig/limitesup5.png Graphic file (type png)

<use chapters/fig/limitesup5.png>
Package pdftex.def Info: chapters/fig/limitesup5.png used on input line 816.
(pdftex.def)             Requested size: 227.62206pt x 117.85175pt.
 [51 <./chapters/fig/buckets6.png> <./chapters/fig/limitesup4.png> <./chapters/
fig/buckets7.png>]
<chapters/fig/pathtopdyn.png, id=258, 1527.7075pt x 596.2275pt>
File: chapters/fig/pathtopdyn.png Graphic file (type png)

<use chapters/fig/pathtopdyn.png>
Package pdftex.def Info: chapters/fig/pathtopdyn.png used on input line 848.
(pdftex.def)             Requested size: 364.19667pt x 142.13316pt.
 [52 <./chapters/fig/limitesup5.png> <./chapters/fig/pathtopdyn.png>] (/usr/sha
re/texlive/texmf-dist/tex/latex/base/utf8.def
File: utf8.def 2008/04/05 v1.1m UTF-8 support for inputenc
) (./chapters/datatime.json)
<chapters/fig/dyndyn1.png, id=264, 631.35875pt x 441.65pt>
File: chapters/fig/dyndyn1.png Graphic file (type png)

<use chapters/fig/dyndyn1.png>
Package pdftex.def Info: chapters/fig/dyndyn1.png used on input line 895.
(pdftex.def)             Requested size: 250.38564pt x 175.15405pt.
 [53]
<chapters/fig/dyndyn2.png, id=268, 631.35875pt x 441.65pt>
File: chapters/fig/dyndyn2.png Graphic file (type png)

<use chapters/fig/dyndyn2.png>
Package pdftex.def Info: chapters/fig/dyndyn2.png used on input line 905.
(pdftex.def)             Requested size: 204.85846pt x 143.30542pt.

<chapters/fig/dyndyn3.png, id=269, 630.355pt x 442.65375pt>
File: chapters/fig/dyndyn3.png Graphic file (type png)

<use chapters/fig/dyndyn3.png>
Package pdftex.def Info: chapters/fig/dyndyn3.png used on input line 906.
(pdftex.def)             Requested size: 204.85846pt x 143.854pt.

<chapters/fig/dyndyn4.png, id=270, 629.35126pt x 441.65pt>
File: chapters/fig/dyndyn4.png Graphic file (type png)

<use chapters/fig/dyndyn4.png>
Package pdftex.def Info: chapters/fig/dyndyn4.png used on input line 914.
(pdftex.def)             Requested size: 204.85846pt x 143.75693pt.

<chapters/fig/dyndyn5.png, id=271, 630.355pt x 441.65pt>
File: chapters/fig/dyndyn5.png Graphic file (type png)

<use chapters/fig/dyndyn5.png>
Package pdftex.def Info: chapters/fig/dyndyn5.png used on input line 915.
(pdftex.def)             Requested size: 204.85846pt x 143.5278pt.
 [54 <./chapters/fig/dyndyn1.png> <./chapters/fig/dyndyn2.png> <./chapters/fig/
dyndyn3.png>]
<chapters/fig/dyndyn6.png, id=276, 629.35126pt x 441.65pt>
File: chapters/fig/dyndyn6.png Graphic file (type png)

<use chapters/fig/dyndyn6.png>
Package pdftex.def Info: chapters/fig/dyndyn6.png used on input line 923.
(pdftex.def)             Requested size: 204.85846pt x 143.75693pt.

<chapters/fig/dyndyn7.png, id=277, 631.35875pt x 442.65375pt>
File: chapters/fig/dyndyn7.png Graphic file (type png)

<use chapters/fig/dyndyn7.png>
Package pdftex.def Info: chapters/fig/dyndyn7.png used on input line 924.
(pdftex.def)             Requested size: 204.85846pt x 143.6311pt.
) (./chapters/4validacao.tex [55 <./chapters/fig/dyndyn4.png> <./chapters/fig/d
yndyn5.png> <./chapters/fig/dyndyn6.png> <./chapters/fig/dyndyn7.png>]
Cap\'{\i }tulo 4.

Underfull \hbox (badness 10000) in paragraph at lines 1--1

 []

<chapters/fig/shortestpath.png, id=281, 1371.1225pt x 770.88pt>
File: chapters/fig/shortestpath.png Graphic file (type png)

<use chapters/fig/shortestpath.png>
Package pdftex.def Info: chapters/fig/shortestpath.png used on input line 25.
(pdftex.def)             Requested size: 409.71692pt x 230.3483pt.
 [56

]
<chapters/fig/upperlimit.png, id=285, 1371.1225pt x 770.88pt>
File: chapters/fig/upperlimit.png Graphic file (type png)

<use chapters/fig/upperlimit.png>
Package pdftex.def Info: chapters/fig/upperlimit.png used on input line 33.
(pdftex.def)             Requested size: 409.71692pt x 230.3483pt.
 [57 <./chapters/fig/shortestpath.png> <./chapters/fig/upperlimit.png>]
<chapters/fig/downlimit.png, id=289, 1371.1225pt x 770.88pt>
File: chapters/fig/downlimit.png Graphic file (type png)

<use chapters/fig/downlimit.png>
Package pdftex.def Info: chapters/fig/downlimit.png used on input line 41.
(pdftex.def)             Requested size: 409.71692pt x 230.3483pt.
) (./chapters/5conclusao.tex [58

 <./chapters/fig/downlimit.png>]
Cap\'{\i }tulo 5.

Underfull \hbox (badness 10000) in paragraph at lines 1--1

 []

) (./monografia.bbl [59

] [60

])
+-------------------------------------------------------------------+
| Comentario, sugestao ou critica sobre o abnTeX? Entre em contato: |
|                  http://abntex.codigolivre.org.br                 |
+-------------------------------------------------------------------+

AED: lastpage setting LastPage
[61] (./monografia.aux)

LaTeX Warning: There were multiply-defined labels.

 )
(\end occurred inside a group at level 1)

### semi simple group (level 1) entered at line 56 (\begingroup)
### bottom level 
Here is how much of TeX's memory you used:
 7472 strings out of 493304
 102989 string characters out of 6139871
 321247 words of memory out of 5000000
 10568 multiletter control sequences out of 15000+600000
 73489 words of font info for 137 fonts, out of 8000000 for 9000
 959 hyphenation exceptions out of 8191
 38i,9n,41p,340b,2251s stack positions out of 5000i,500n,10000p,200000b,80000s
{/usr/share/texmf/fonts/enc/dvips/cm-super/cm-super-t1.enc}{/us
r/share/texlive/texmf-dist/fonts/enc/dvips/base/8r.enc}</usr/share/texlive/texm
f-dist/fonts/type1/public/amsfonts/cm/cmmi10.pfb></usr/share/texlive/texmf-dist
/fonts/type1/public/amsfonts/cm/cmr10.pfb></usr/share/texlive/texmf-dist/fonts/
type1/public/amsfonts/cm/cmsy10.pfb></usr/share/texlive/texmf-dist/fonts/type1/
public/amsfonts/symbols/msam10.pfb></usr/share/texmf/fonts/type1/public/cm-supe
r/sftt0800.pfb></usr/share/texlive/texmf-dist/fonts/type1/urw/symbol/usyr.pfb><
/usr/share/texlive/texmf-dist/fonts/type1/urw/times/utmb8a.pfb></usr/share/texl
ive/texmf-dist/fonts/type1/urw/times/utmbi8a.pfb></usr/share/texlive/texmf-dist
/fonts/type1/urw/times/utmr8a.pfb></usr/share/texlive/texmf-dist/fonts/type1/ur
w/times/utmri8a.pfb>
Output written on monografia.pdf (62 pages, 3304749 bytes).
PDF statistics:
 340 PDF objects out of 1000 (max. 8388607)
 172 compressed objects within 2 object streams
 0 named destinations out of 1000 (max. 500000)
 276 words of extra memory for PDF output out of 10000 (max. 10000000)

